[QUEUE_PROCESSOR][2026-04-15 08:28:08] [STARTUP] Script process_email_queue.php started. PHP Version: 8.2.12
[QUEUE_PROCESSOR][2026-04-15 08:28:08] [DEBUG] Database connected successfully.
[QUEUE_PROCESSOR][2026-04-15 08:28:08] Processing log ID: 212 for type: order
[QUEUE_PROCESSOR][2026-04-15 08:28:08] Target log table determined: email_logs
[QUEUE_PROCESSOR][2026-04-15 08:28:08] Found log ID 212 with status: pending
[QUEUE_PROCESSOR][2026-04-15 08:28:08] Status updated to 'sending' for log ID 212.
[QUEUE_PROCESSOR][2026-04-15 08:28:10] Token đã được làm mới và lưu lại.
[QUEUE_PROCESSOR][2026-04-15 08:28:11] [DEBUG] Attachment web_path (after clean): pdf/PO-STV-15042026-001.pdf
[QUEUE_PROCESSOR][2026-04-15 08:28:11] [DEBUG] Resolved file_path: C:\xampp\htdocs\quanlykho\pdf\PO-STV-15042026-001.pdf
[QUEUE_PROCESSOR][2026-04-15 08:28:13] Email sent successfully for Log ID: 212.
[QUEUE_PROCESSOR][2026-04-15 08:28:13] Final status updated to 'sent' for log ID 212.
[QUEUE_PROCESSOR][2026-04-15 08:28:13] Script finished for Log ID: 212
[QUEUE_PROCESSOR][2026-04-15 09:08:11] [STARTUP] Script process_email_queue.php started. PHP Version: 8.2.12
[QUEUE_PROCESSOR][2026-04-15 09:08:11] [DEBUG] Database connected successfully.
[QUEUE_PROCESSOR][2026-04-15 09:08:11] Processing log ID: 213 for type: order
[QUEUE_PROCESSOR][2026-04-15 09:08:11] Target log table determined: email_logs
[QUEUE_PROCESSOR][2026-04-15 09:08:11] Found log ID 213 with status: pending
[QUEUE_PROCESSOR][2026-04-15 09:08:11] Status updated to 'sending' for log ID 213.
[QUEUE_PROCESSOR][2026-04-15 09:08:11] [DEBUG] Attachment web_path (after clean): pdf/PO-STV-15042026-002.pdf
[QUEUE_PROCESSOR][2026-04-15 09:08:11] [DEBUG] Resolved file_path: C:\xampp\htdocs\quanlykho\pdf\PO-STV-15042026-002.pdf
[QUEUE_PROCESSOR][2026-04-15 09:08:15] Email sent successfully for Log ID: 213.
[QUEUE_PROCESSOR][2026-04-15 09:08:15] Final status updated to 'sent' for log ID 213.
[QUEUE_PROCESSOR][2026-04-15 09:08:15] Script finished for Log ID: 213
[QUEUE_PROCESSOR][2026-04-15 14:01:45] [STARTUP] Script process_email_queue.php started. PHP Version: 8.2.12
[QUEUE_PROCESSOR][2026-04-15 14:01:45] [DEBUG] Database connected successfully.
[QUEUE_PROCESSOR][2026-04-15 14:01:45] Processing log ID: 214 for type: order
[QUEUE_PROCESSOR][2026-04-15 14:01:45] Target log table determined: email_logs
[QUEUE_PROCESSOR][2026-04-15 14:01:45] Found log ID 214 with status: pending
[QUEUE_PROCESSOR][2026-04-15 14:01:45] Status updated to 'sending' for log ID 214.
[QUEUE_PROCESSOR][2026-04-15 14:01:45] Token đã được làm mới và lưu lại.
[QUEUE_PROCESSOR][2026-04-15 14:01:45] [DEBUG] Attachment web_path (after clean): pdf/PO-STV-15042026-003.pdf
[QUEUE_PROCESSOR][2026-04-15 14:01:45] [DEBUG] Resolved file_path: C:\xampp\htdocs\quanlykho\pdf\PO-STV-15042026-003.pdf
[QUEUE_PROCESSOR][2026-04-15 14:01:48] Email sent successfully for Log ID: 214.
[QUEUE_PROCESSOR][2026-04-15 14:01:48] Final status updated to 'sent' for log ID 214.
[QUEUE_PROCESSOR][2026-04-15 14:01:48] Script finished for Log ID: 214
