[QUEUE_PROCESSOR][2026-01-29 11:02:02] [STARTUP] Script process_email_queue.php started. PHP Version: 8.2.12
[QUEUE_PROCESSOR][2026-01-29 11:02:02] [DEBUG] Database connected successfully.
[QUEUE_PROCESSOR][2026-01-29 11:02:02] Processing log ID: 181 for type: order
[QUEUE_PROCESSOR][2026-01-29 11:02:02] Target log table determined: email_logs
[QUEUE_PROCESSOR][2026-01-29 11:02:02] Found log ID 181 with status: pending
[QUEUE_PROCESSOR][2026-01-29 11:02:02] Status updated to 'sending' for log ID 181.
[QUEUE_PROCESSOR][2026-01-29 11:02:05] Token đã được làm mới và lưu lại.
[QUEUE_PROCESSOR][2026-01-29 11:02:06] [DEBUG] Attachment web_path (after clean): pdf/PO-STV-29012026-001.pdf
[QUEUE_PROCESSOR][2026-01-29 11:02:06] [DEBUG] Resolved file_path: C:\xampp\htdocs\quanlykho\pdf\PO-STV-29012026-001.pdf
[QUEUE_PROCESSOR][2026-01-29 11:02:08] Email sent successfully for Log ID: 181.
[QUEUE_PROCESSOR][2026-01-29 11:02:08] Final status updated to 'sent' for log ID 181.
[QUEUE_PROCESSOR][2026-01-29 11:02:08] Script finished for Log ID: 181
[QUEUE_PROCESSOR][2026-01-29 11:03:55] [STARTUP] Script process_email_queue.php started. PHP Version: 8.2.12
[QUEUE_PROCESSOR][2026-01-29 11:03:55] [DEBUG] Database connected successfully.
[QUEUE_PROCESSOR][2026-01-29 11:03:55] Processing log ID: 182 for type: order
[QUEUE_PROCESSOR][2026-01-29 11:03:55] Target log table determined: email_logs
[QUEUE_PROCESSOR][2026-01-29 11:03:55] Found log ID 182 with status: pending
[QUEUE_PROCESSOR][2026-01-29 11:03:55] Status updated to 'sending' for log ID 182.
[QUEUE_PROCESSOR][2026-01-29 11:03:55] [DEBUG] Attachment web_path (after clean): pdf/PO-STV-29012026-002.pdf
[QUEUE_PROCESSOR][2026-01-29 11:03:55] [DEBUG] Resolved file_path: C:\xampp\htdocs\quanlykho\pdf\PO-STV-29012026-002.pdf
[QUEUE_PROCESSOR][2026-01-29 11:03:57] Email sent successfully for Log ID: 182.
[QUEUE_PROCESSOR][2026-01-29 11:03:57] Final status updated to 'sent' for log ID 182.
[QUEUE_PROCESSOR][2026-01-29 11:03:57] Script finished for Log ID: 182
[QUEUE_PROCESSOR][2026-01-29 11:05:24] [STARTUP] Script process_email_queue.php started. PHP Version: 8.2.12
[QUEUE_PROCESSOR][2026-01-29 11:05:24] [DEBUG] Database connected successfully.
[QUEUE_PROCESSOR][2026-01-29 11:05:24] Processing log ID: 183 for type: order
[QUEUE_PROCESSOR][2026-01-29 11:05:24] Target log table determined: email_logs
[QUEUE_PROCESSOR][2026-01-29 11:05:24] Found log ID 183 with status: pending
[QUEUE_PROCESSOR][2026-01-29 11:05:24] Status updated to 'sending' for log ID 183.
[QUEUE_PROCESSOR][2026-01-29 11:05:24] [DEBUG] Attachment web_path (after clean): pdf/PO-STV-29012026-003.pdf
[QUEUE_PROCESSOR][2026-01-29 11:05:24] [DEBUG] Resolved file_path: C:\xampp\htdocs\quanlykho\pdf\PO-STV-29012026-003.pdf
[QUEUE_PROCESSOR][2026-01-29 11:05:27] Email sent successfully for Log ID: 183.
[QUEUE_PROCESSOR][2026-01-29 11:05:27] Final status updated to 'sent' for log ID 183.
[QUEUE_PROCESSOR][2026-01-29 11:05:27] Script finished for Log ID: 183
