[QUEUE_PROCESSOR][2025-12-23 09:44:31] [STARTUP] Script process_email_queue.php started. PHP Version: 8.2.12
[QUEUE_PROCESSOR][2025-12-23 09:44:31] [DEBUG] Database connected successfully.
[QUEUE_PROCESSOR][2025-12-23 09:44:31] Processing log ID: 161 for type: order
[QUEUE_PROCESSOR][2025-12-23 09:44:31] Target log table determined: email_logs
[QUEUE_PROCESSOR][2025-12-23 09:44:31] Found log ID 161 with status: pending
[QUEUE_PROCESSOR][2025-12-23 09:44:31] Status updated to 'sending' for log ID 161.
[QUEUE_PROCESSOR][2025-12-23 09:44:33] Token đã được làm mới và lưu lại.
[QUEUE_PROCESSOR][2025-12-23 09:44:34] [DEBUG] Attachment web_path (after clean): pdf/PO-STV-23122025-002.pdf
[QUEUE_PROCESSOR][2025-12-23 09:44:34] [DEBUG] Resolved file_path: C:\xampp\htdocs\quanlykho\pdf\PO-STV-23122025-002.pdf
[QUEUE_PROCESSOR][2025-12-23 09:44:35] Email sent successfully for Log ID: 161.
[QUEUE_PROCESSOR][2025-12-23 09:44:35] Final status updated to 'sent' for log ID 161.
[QUEUE_PROCESSOR][2025-12-23 09:44:35] Script finished for Log ID: 161
[QUEUE_PROCESSOR][2025-12-23 09:48:51] [STARTUP] Script process_email_queue.php started. PHP Version: 8.2.12
[QUEUE_PROCESSOR][2025-12-23 09:48:51] [DEBUG] Database connected successfully.
[QUEUE_PROCESSOR][2025-12-23 09:48:51] Processing log ID: 162 for type: order
[QUEUE_PROCESSOR][2025-12-23 09:48:51] Target log table determined: email_logs
[QUEUE_PROCESSOR][2025-12-23 09:48:51] Found log ID 162 with status: pending
[QUEUE_PROCESSOR][2025-12-23 09:48:51] Status updated to 'sending' for log ID 162.
[QUEUE_PROCESSOR][2025-12-23 09:48:51] [DEBUG] Attachment web_path (after clean): pdf/PO-STV-23122025-003.pdf
[QUEUE_PROCESSOR][2025-12-23 09:48:51] [DEBUG] Resolved file_path: C:\xampp\htdocs\quanlykho\pdf\PO-STV-23122025-003.pdf
[QUEUE_PROCESSOR][2025-12-23 09:48:53] Email sent successfully for Log ID: 162.
[QUEUE_PROCESSOR][2025-12-23 09:48:53] Final status updated to 'sent' for log ID 162.
[QUEUE_PROCESSOR][2025-12-23 09:48:53] Script finished for Log ID: 162
