[QUEUE_PROCESSOR][2026-02-26 09:59:50] [STARTUP] Script process_email_queue.php started. PHP Version: 8.2.12
[QUEUE_PROCESSOR][2026-02-26 09:59:50] [DEBUG] Database connected successfully.
[QUEUE_PROCESSOR][2026-02-26 09:59:50] Processing log ID: 195 for type: order
[QUEUE_PROCESSOR][2026-02-26 09:59:50] Target log table determined: email_logs
[QUEUE_PROCESSOR][2026-02-26 09:59:50] Found log ID 195 with status: pending
[QUEUE_PROCESSOR][2026-02-26 09:59:50] Status updated to 'sending' for log ID 195.
[QUEUE_PROCESSOR][2026-02-26 09:59:53] Token đã được làm mới và lưu lại.
[QUEUE_PROCESSOR][2026-02-26 09:59:54] [DEBUG] Attachment web_path (after clean): pdf/PO-STV-26022026-003.pdf
[QUEUE_PROCESSOR][2026-02-26 09:59:54] [DEBUG] Resolved file_path: C:\xampp\htdocs\quanlykho\pdf\PO-STV-26022026-003.pdf
[QUEUE_PROCESSOR][2026-02-26 09:59:55] Email sent successfully for Log ID: 195.
[QUEUE_PROCESSOR][2026-02-26 09:59:55] Final status updated to 'sent' for log ID 195.
[QUEUE_PROCESSOR][2026-02-26 09:59:55] Script finished for Log ID: 195
[QUEUE_PROCESSOR][2026-02-26 14:21:02] [STARTUP] Script process_email_queue.php started. PHP Version: 8.2.12
[QUEUE_PROCESSOR][2026-02-26 14:21:02] [DEBUG] Database connected successfully.
[QUEUE_PROCESSOR][2026-02-26 14:21:02] Processing log ID: 196 for type: order
[QUEUE_PROCESSOR][2026-02-26 14:21:02] Target log table determined: email_logs
[QUEUE_PROCESSOR][2026-02-26 14:21:02] Found log ID 196 with status: pending
[QUEUE_PROCESSOR][2026-02-26 14:21:02] Status updated to 'sending' for log ID 196.
[QUEUE_PROCESSOR][2026-02-26 14:21:03] Token đã được làm mới và lưu lại.
[QUEUE_PROCESSOR][2026-02-26 14:21:03] [DEBUG] Attachment web_path (after clean): pdf/PO-STV-26022026-004.pdf
[QUEUE_PROCESSOR][2026-02-26 14:21:03] [DEBUG] Resolved file_path: C:\xampp\htdocs\quanlykho\pdf\PO-STV-26022026-004.pdf
[QUEUE_PROCESSOR][2026-02-26 14:21:05] Email sent successfully for Log ID: 196.
[QUEUE_PROCESSOR][2026-02-26 14:21:05] Final status updated to 'sent' for log ID 196.
[QUEUE_PROCESSOR][2026-02-26 14:21:05] Script finished for Log ID: 196
