[QUEUE_PROCESSOR][2025-10-30 09:38:23] [STARTUP] Script process_email_queue.php started. PHP Version: 8.2.12
[QUEUE_PROCESSOR][2025-10-30 09:38:23] [DEBUG] Database connected successfully.
[QUEUE_PROCESSOR][2025-10-30 09:38:23] Processing log ID: 129 for type: order
[QUEUE_PROCESSOR][2025-10-30 09:38:23] Target log table determined: email_logs
[QUEUE_PROCESSOR][2025-10-30 09:38:23] Found log ID 129 with status: pending
[QUEUE_PROCESSOR][2025-10-30 09:38:23] Status updated to 'sending' for log ID 129.
[QUEUE_PROCESSOR][2025-10-30 09:38:25] Token đã được làm mới và lưu lại.
[QUEUE_PROCESSOR][2025-10-30 09:38:26] [DEBUG] Attachment web_path (after clean): pdf/PO-STV-30102025-001.pdf
[QUEUE_PROCESSOR][2025-10-30 09:38:26] [DEBUG] Resolved file_path: C:\xampp\htdocs\quanlykho\pdf\PO-STV-30102025-001.pdf
[QUEUE_PROCESSOR][2025-10-30 09:38:29] Email sent successfully for Log ID: 129.
[QUEUE_PROCESSOR][2025-10-30 09:38:29] Final status updated to 'sent' for log ID 129.
[QUEUE_PROCESSOR][2025-10-30 09:38:29] Script finished for Log ID: 129
[QUEUE_PROCESSOR][2025-10-30 14:50:36] [STARTUP] Script process_email_queue.php started. PHP Version: 8.2.12
[QUEUE_PROCESSOR][2025-10-30 14:50:36] [DEBUG] Database connected successfully.
[QUEUE_PROCESSOR][2025-10-30 14:50:36] Processing log ID: 129 for type: order
[QUEUE_PROCESSOR][2025-10-30 14:50:36] Target log table determined: email_logs
[QUEUE_PROCESSOR][2025-10-30 14:50:36] Found log ID 129 with status: pending
[QUEUE_PROCESSOR][2025-10-30 14:50:36] Status updated to 'sending' for log ID 129.
[QUEUE_PROCESSOR][2025-10-30 14:50:36] Token đã được làm mới và lưu lại.
[QUEUE_PROCESSOR][2025-10-30 14:50:36] [DEBUG] Attachment web_path (after clean): pdf/PO-STV-30102025-001.pdf
[QUEUE_PROCESSOR][2025-10-30 14:50:36] [DEBUG] Resolved file_path: C:\xampp\htdocs\quanlykho\pdf\PO-STV-30102025-001.pdf
[QUEUE_PROCESSOR][2025-10-30 14:50:39] Email sent successfully for Log ID: 129.
[QUEUE_PROCESSOR][2025-10-30 14:50:39] Final status updated to 'sent' for log ID 129.
[QUEUE_PROCESSOR][2025-10-30 14:50:39] Script finished for Log ID: 129
