[QUEUE_PROCESSOR][2025-10-22 08:49:44] [STARTUP] Script process_email_queue.php started. PHP Version: 8.2.12
[QUEUE_PROCESSOR][2025-10-22 08:49:44] [DEBUG] Database connected successfully.
[QUEUE_PROCESSOR][2025-10-22 08:49:44] Processing log ID: 122 for type: order
[QUEUE_PROCESSOR][2025-10-22 08:49:44] Target log table determined: email_logs
[QUEUE_PROCESSOR][2025-10-22 08:49:44] Found log ID 122 with status: pending
[QUEUE_PROCESSOR][2025-10-22 08:49:44] Status updated to 'sending' for log ID 122.
[QUEUE_PROCESSOR][2025-10-22 08:49:46] Token đã được làm mới và lưu lại.
[QUEUE_PROCESSOR][2025-10-22 08:49:47] [DEBUG] Attachment web_path (after clean): pdf/PO-STV-22102025-001.pdf
[QUEUE_PROCESSOR][2025-10-22 08:49:47] [DEBUG] Resolved file_path: C:\xampp\htdocs\quanlykho\pdf\PO-STV-22102025-001.pdf
[QUEUE_PROCESSOR][2025-10-22 08:49:49] Email sent successfully for Log ID: 122.
[QUEUE_PROCESSOR][2025-10-22 08:49:49] Final status updated to 'sent' for log ID 122.
[QUEUE_PROCESSOR][2025-10-22 08:49:49] Script finished for Log ID: 122
[QUEUE_PROCESSOR][2025-10-22 10:05:04] [STARTUP] Script process_email_queue.php started. PHP Version: 8.2.12
[QUEUE_PROCESSOR][2025-10-22 10:05:04] [DEBUG] Database connected successfully.
[QUEUE_PROCESSOR][2025-10-22 10:05:04] Processing log ID: 123 for type: order
[QUEUE_PROCESSOR][2025-10-22 10:05:04] Target log table determined: email_logs
[QUEUE_PROCESSOR][2025-10-22 10:05:04] Found log ID 123 with status: pending
[QUEUE_PROCESSOR][2025-10-22 10:05:04] Status updated to 'sending' for log ID 123.
[QUEUE_PROCESSOR][2025-10-22 10:05:06] Token đã được làm mới và lưu lại.
[QUEUE_PROCESSOR][2025-10-22 10:05:07] [DEBUG] Attachment web_path (after clean): pdf/PO-STV-22102025-002.pdf
[QUEUE_PROCESSOR][2025-10-22 10:05:07] [DEBUG] Resolved file_path: C:\xampp\htdocs\quanlykho\pdf\PO-STV-22102025-002.pdf
[QUEUE_PROCESSOR][2025-10-22 10:05:09] Email sent successfully for Log ID: 123.
[QUEUE_PROCESSOR][2025-10-22 10:05:09] Final status updated to 'sent' for log ID 123.
[QUEUE_PROCESSOR][2025-10-22 10:05:09] Script finished for Log ID: 123
