[QUEUE_PROCESSOR][2025-11-04 15:38:32] [STARTUP] Script process_email_queue.php started. PHP Version: 8.2.12
[QUEUE_PROCESSOR][2025-11-04 15:38:32] [DEBUG] Database connected successfully.
[QUEUE_PROCESSOR][2025-11-04 15:38:32] Processing log ID: 131 for type: order
[QUEUE_PROCESSOR][2025-11-04 15:38:32] Target log table determined: email_logs
[QUEUE_PROCESSOR][2025-11-04 15:38:32] Found log ID 131 with status: pending
[QUEUE_PROCESSOR][2025-11-04 15:38:32] Status updated to 'sending' for log ID 131.
[QUEUE_PROCESSOR][2025-11-04 15:38:34] Token đã được làm mới và lưu lại.
[QUEUE_PROCESSOR][2025-11-04 15:38:35] [DEBUG] Attachment web_path (after clean): pdf/PO-STV-04112025-001.pdf
[QUEUE_PROCESSOR][2025-11-04 15:38:35] [DEBUG] Resolved file_path: C:\xampp\htdocs\quanlykho\pdf\PO-STV-04112025-001.pdf
[QUEUE_PROCESSOR][2025-11-04 15:38:37] Email sent successfully for Log ID: 131.
[QUEUE_PROCESSOR][2025-11-04 15:38:37] Final status updated to 'sent' for log ID 131.
[QUEUE_PROCESSOR][2025-11-04 15:38:37] Script finished for Log ID: 131
[QUEUE_PROCESSOR][2025-11-04 15:40:51] [STARTUP] Script process_email_queue.php started. PHP Version: 8.2.12
[QUEUE_PROCESSOR][2025-11-04 15:40:51] [DEBUG] Database connected successfully.
[QUEUE_PROCESSOR][2025-11-04 15:40:51] Processing log ID: 132 for type: order
[QUEUE_PROCESSOR][2025-11-04 15:40:51] Target log table determined: email_logs
[QUEUE_PROCESSOR][2025-11-04 15:40:51] Found log ID 132 with status: pending
[QUEUE_PROCESSOR][2025-11-04 15:40:51] Status updated to 'sending' for log ID 132.
[QUEUE_PROCESSOR][2025-11-04 15:40:51] [DEBUG] Attachment web_path (after clean): pdf/PO-STV-04112025-002.pdf
[QUEUE_PROCESSOR][2025-11-04 15:40:51] [DEBUG] Resolved file_path: C:\xampp\htdocs\quanlykho\pdf\PO-STV-04112025-002.pdf
[QUEUE_PROCESSOR][2025-11-04 15:40:54] Email sent successfully for Log ID: 132.
[QUEUE_PROCESSOR][2025-11-04 15:40:54] Final status updated to 'sent' for log ID 132.
[QUEUE_PROCESSOR][2025-11-04 15:40:54] Script finished for Log ID: 132
