[QUEUE_PROCESSOR][2026-01-02 08:47:52] [STARTUP] Script process_email_queue.php started. PHP Version: 8.2.12
[QUEUE_PROCESSOR][2026-01-02 08:47:52] [DEBUG] Database connected successfully.
[QUEUE_PROCESSOR][2026-01-02 08:47:52] Processing log ID: 166 for type: order
[QUEUE_PROCESSOR][2026-01-02 08:47:52] Target log table determined: email_logs
[QUEUE_PROCESSOR][2026-01-02 08:47:52] Found log ID 166 with status: pending
[QUEUE_PROCESSOR][2026-01-02 08:47:52] Status updated to 'sending' for log ID 166.
[QUEUE_PROCESSOR][2026-01-02 08:47:55] Token đã được làm mới và lưu lại.
[QUEUE_PROCESSOR][2026-01-02 08:47:55] [DEBUG] Attachment web_path (after clean): pdf/PO-STV-02012026-002.pdf
[QUEUE_PROCESSOR][2026-01-02 08:47:55] [DEBUG] Resolved file_path: C:\xampp\htdocs\quanlykho\pdf\PO-STV-02012026-002.pdf
[QUEUE_PROCESSOR][2026-01-02 08:47:57] Email sent successfully for Log ID: 166.
[QUEUE_PROCESSOR][2026-01-02 08:47:57] Final status updated to 'sent' for log ID 166.
[QUEUE_PROCESSOR][2026-01-02 08:47:57] Script finished for Log ID: 166
[QUEUE_PROCESSOR][2026-01-02 09:00:18] [STARTUP] Script process_email_queue.php started. PHP Version: 8.2.12
[QUEUE_PROCESSOR][2026-01-02 09:00:18] [DEBUG] Database connected successfully.
[QUEUE_PROCESSOR][2026-01-02 09:00:18] Processing log ID: 167 for type: order
[QUEUE_PROCESSOR][2026-01-02 09:00:18] Target log table determined: email_logs
[QUEUE_PROCESSOR][2026-01-02 09:00:18] Found log ID 167 with status: pending
[QUEUE_PROCESSOR][2026-01-02 09:00:18] Status updated to 'sending' for log ID 167.
[QUEUE_PROCESSOR][2026-01-02 09:00:18] [DEBUG] Attachment web_path (after clean): pdf/PO-STV-02012026-003.pdf
[QUEUE_PROCESSOR][2026-01-02 09:00:18] [DEBUG] Resolved file_path: C:\xampp\htdocs\quanlykho\pdf\PO-STV-02012026-003.pdf
[QUEUE_PROCESSOR][2026-01-02 09:00:20] Email sent successfully for Log ID: 167.
[QUEUE_PROCESSOR][2026-01-02 09:00:20] Final status updated to 'sent' for log ID 167.
[QUEUE_PROCESSOR][2026-01-02 09:00:20] Script finished for Log ID: 167
