[QUEUE_PROCESSOR][2025-10-23 09:35:53] [STARTUP] Script process_email_queue.php started. PHP Version: 8.2.12
[QUEUE_PROCESSOR][2025-10-23 09:35:53] [DEBUG] Database connected successfully.
[QUEUE_PROCESSOR][2025-10-23 09:35:53] Processing log ID: 124 for type: order
[QUEUE_PROCESSOR][2025-10-23 09:35:53] Target log table determined: email_logs
[QUEUE_PROCESSOR][2025-10-23 09:35:53] Found log ID 124 with status: pending
[QUEUE_PROCESSOR][2025-10-23 09:35:53] Status updated to 'sending' for log ID 124.
[QUEUE_PROCESSOR][2025-10-23 09:35:56] Token đã được làm mới và lưu lại.
[QUEUE_PROCESSOR][2025-10-23 09:35:57] [DEBUG] Attachment web_path (after clean): pdf/PO-STV-23102025-001.pdf
[QUEUE_PROCESSOR][2025-10-23 09:35:57] [DEBUG] Resolved file_path: C:\xampp\htdocs\quanlykho\pdf\PO-STV-23102025-001.pdf
[QUEUE_PROCESSOR][2025-10-23 09:35:59] Email sent successfully for Log ID: 124.
[QUEUE_PROCESSOR][2025-10-23 09:35:59] Final status updated to 'sent' for log ID 124.
[QUEUE_PROCESSOR][2025-10-23 09:35:59] Script finished for Log ID: 124
[QUEUE_PROCESSOR][2025-10-23 15:30:50] [STARTUP] Script process_email_queue.php started. PHP Version: 8.2.12
[QUEUE_PROCESSOR][2025-10-23 15:30:50] [DEBUG] Database connected successfully.
[QUEUE_PROCESSOR][2025-10-23 15:30:50] Processing log ID: 125 for type: order
[QUEUE_PROCESSOR][2025-10-23 15:30:50] Target log table determined: email_logs
[QUEUE_PROCESSOR][2025-10-23 15:30:50] Found log ID 125 with status: pending
[QUEUE_PROCESSOR][2025-10-23 15:30:50] Status updated to 'sending' for log ID 125.
[QUEUE_PROCESSOR][2025-10-23 15:30:53] Token đã được làm mới và lưu lại.
[QUEUE_PROCESSOR][2025-10-23 15:30:53] [DEBUG] Attachment web_path (after clean): pdf/PO-STV-23102025-003.pdf
[QUEUE_PROCESSOR][2025-10-23 15:30:53] [DEBUG] Resolved file_path: C:\xampp\htdocs\quanlykho\pdf\PO-STV-23102025-003.pdf
[QUEUE_PROCESSOR][2025-10-23 15:30:55] Email sent successfully for Log ID: 125.
[QUEUE_PROCESSOR][2025-10-23 15:30:55] Final status updated to 'sent' for log ID 125.
[QUEUE_PROCESSOR][2025-10-23 15:30:55] Script finished for Log ID: 125
