[QUEUE_PROCESSOR][2025-11-25 14:14:44] [STARTUP] Script process_email_queue.php started. PHP Version: 8.2.12
[QUEUE_PROCESSOR][2025-11-25 14:14:44] [DEBUG] Database connected successfully.
[QUEUE_PROCESSOR][2025-11-25 14:14:44] Processing log ID: 144 for type: order
[QUEUE_PROCESSOR][2025-11-25 14:14:44] Target log table determined: email_logs
[QUEUE_PROCESSOR][2025-11-25 14:14:44] Found log ID 144 with status: pending
[QUEUE_PROCESSOR][2025-11-25 14:14:44] Status updated to 'sending' for log ID 144.
[QUEUE_PROCESSOR][2025-11-25 14:14:47] Token đã được làm mới và lưu lại.
[QUEUE_PROCESSOR][2025-11-25 14:14:48] [DEBUG] Attachment web_path (after clean): pdf/PO-STV-25112025-002.pdf
[QUEUE_PROCESSOR][2025-11-25 14:14:48] [DEBUG] Resolved file_path: C:\xampp\htdocs\quanlykho\pdf\PO-STV-25112025-002.pdf
[QUEUE_PROCESSOR][2025-11-25 14:15:09] Email sent successfully for Log ID: 144.
[QUEUE_PROCESSOR][2025-11-25 14:15:09] Final status updated to 'sent' for log ID 144.
[QUEUE_PROCESSOR][2025-11-25 14:15:09] Script finished for Log ID: 144
[QUEUE_PROCESSOR][2025-11-25 14:36:39] [STARTUP] Script process_email_queue.php started. PHP Version: 8.2.12
[QUEUE_PROCESSOR][2025-11-25 14:36:39] [DEBUG] Database connected successfully.
[QUEUE_PROCESSOR][2025-11-25 14:36:39] Processing log ID: 145 for type: order
[QUEUE_PROCESSOR][2025-11-25 14:36:39] Target log table determined: email_logs
[QUEUE_PROCESSOR][2025-11-25 14:36:39] Found log ID 145 with status: pending
[QUEUE_PROCESSOR][2025-11-25 14:36:39] Status updated to 'sending' for log ID 145.
[QUEUE_PROCESSOR][2025-11-25 14:36:39] [DEBUG] Attachment web_path (after clean): pdf/PO-STV-25112025-003.pdf
[QUEUE_PROCESSOR][2025-11-25 14:36:39] [DEBUG] Resolved file_path: C:\xampp\htdocs\quanlykho\pdf\PO-STV-25112025-003.pdf
[QUEUE_PROCESSOR][2025-11-25 14:36:41] Email sent successfully for Log ID: 145.
[QUEUE_PROCESSOR][2025-11-25 14:36:41] Final status updated to 'sent' for log ID 145.
[QUEUE_PROCESSOR][2025-11-25 14:36:41] Script finished for Log ID: 145
