[QUEUE_PROCESSOR][2025-12-09 10:00:06] [STARTUP] Script process_email_queue.php started. PHP Version: 8.2.12
[QUEUE_PROCESSOR][2025-12-09 10:00:06] [DEBUG] Database connected successfully.
[QUEUE_PROCESSOR][2025-12-09 10:00:06] Processing log ID: 151 for type: order
[QUEUE_PROCESSOR][2025-12-09 10:00:06] Target log table determined: email_logs
[QUEUE_PROCESSOR][2025-12-09 10:00:06] Found log ID 151 with status: pending
[QUEUE_PROCESSOR][2025-12-09 10:00:06] Status updated to 'sending' for log ID 151.
[QUEUE_PROCESSOR][2025-12-09 10:00:09] Token đã được làm mới và lưu lại.
[QUEUE_PROCESSOR][2025-12-09 10:00:09] [DEBUG] Attachment web_path (after clean): pdf/PO-STV-09122025-001.pdf
[QUEUE_PROCESSOR][2025-12-09 10:00:09] [DEBUG] Resolved file_path: C:\xampp\htdocs\quanlykho\pdf\PO-STV-09122025-001.pdf
[QUEUE_PROCESSOR][2025-12-09 10:00:11] Email sent successfully for Log ID: 151.
[QUEUE_PROCESSOR][2025-12-09 10:00:11] Final status updated to 'sent' for log ID 151.
[QUEUE_PROCESSOR][2025-12-09 10:00:11] Script finished for Log ID: 151
[QUEUE_PROCESSOR][2025-12-09 10:01:34] [STARTUP] Script process_email_queue.php started. PHP Version: 8.2.12
[QUEUE_PROCESSOR][2025-12-09 10:01:34] [DEBUG] Database connected successfully.
[QUEUE_PROCESSOR][2025-12-09 10:01:34] Processing log ID: 152 for type: order
[QUEUE_PROCESSOR][2025-12-09 10:01:34] Target log table determined: email_logs
[QUEUE_PROCESSOR][2025-12-09 10:01:34] Found log ID 152 with status: pending
[QUEUE_PROCESSOR][2025-12-09 10:01:34] Status updated to 'sending' for log ID 152.
[QUEUE_PROCESSOR][2025-12-09 10:01:34] [DEBUG] Attachment web_path (after clean): pdf/PO-STV-09122025-002.pdf
[QUEUE_PROCESSOR][2025-12-09 10:01:34] [DEBUG] Resolved file_path: C:\xampp\htdocs\quanlykho\pdf\PO-STV-09122025-002.pdf
[QUEUE_PROCESSOR][2025-12-09 10:01:36] Email sent successfully for Log ID: 152.
[QUEUE_PROCESSOR][2025-12-09 10:01:36] Final status updated to 'sent' for log ID 152.
[QUEUE_PROCESSOR][2025-12-09 10:01:36] Script finished for Log ID: 152
[QUEUE_PROCESSOR][2025-12-09 10:07:35] [STARTUP] Script process_email_queue.php started. PHP Version: 8.2.12
[QUEUE_PROCESSOR][2025-12-09 10:07:35] [DEBUG] Database connected successfully.
[QUEUE_PROCESSOR][2025-12-09 10:07:35] Processing log ID: 153 for type: order
[QUEUE_PROCESSOR][2025-12-09 10:07:35] Target log table determined: email_logs
[QUEUE_PROCESSOR][2025-12-09 10:07:35] Found log ID 153 with status: pending
[QUEUE_PROCESSOR][2025-12-09 10:07:35] Status updated to 'sending' for log ID 153.
[QUEUE_PROCESSOR][2025-12-09 10:07:35] [DEBUG] Attachment web_path (after clean): pdf/PO-STV-09122025-004.pdf
[QUEUE_PROCESSOR][2025-12-09 10:07:35] [DEBUG] Resolved file_path: C:\xampp\htdocs\quanlykho\pdf\PO-STV-09122025-004.pdf
[QUEUE_PROCESSOR][2025-12-09 10:07:37] Email sent successfully for Log ID: 153.
[QUEUE_PROCESSOR][2025-12-09 10:07:37] Final status updated to 'sent' for log ID 153.
[QUEUE_PROCESSOR][2025-12-09 10:07:37] Script finished for Log ID: 153
