[QUEUE_PROCESSOR][2026-04-22 14:10:14] [STARTUP] Script process_email_queue.php started. PHP Version: 8.2.12
[QUEUE_PROCESSOR][2026-04-22 14:10:14] [DEBUG] Database connected successfully.
[QUEUE_PROCESSOR][2026-04-22 14:10:14] Processing log ID: 215 for type: order
[QUEUE_PROCESSOR][2026-04-22 14:10:14] Target log table determined: email_logs
[QUEUE_PROCESSOR][2026-04-22 14:10:14] Found log ID 215 with status: pending
[QUEUE_PROCESSOR][2026-04-22 14:10:14] Status updated to 'sending' for log ID 215.
[QUEUE_PROCESSOR][2026-04-22 14:10:17] Token đã được làm mới và lưu lại.
[QUEUE_PROCESSOR][2026-04-22 14:10:17] [DEBUG] Attachment web_path (after clean): pdf/PO-STV-22042026-003.pdf
[QUEUE_PROCESSOR][2026-04-22 14:10:17] [DEBUG] Resolved file_path: C:\xampp\htdocs\quanlykho\pdf\PO-STV-22042026-003.pdf
[QUEUE_PROCESSOR][2026-04-22 14:10:19] Email sent successfully for Log ID: 215.
[QUEUE_PROCESSOR][2026-04-22 14:10:19] Final status updated to 'sent' for log ID 215.
[QUEUE_PROCESSOR][2026-04-22 14:10:19] Script finished for Log ID: 215
[QUEUE_PROCESSOR][2026-04-22 14:15:17] [STARTUP] Script process_email_queue.php started. PHP Version: 8.2.12
[QUEUE_PROCESSOR][2026-04-22 14:15:17] [DEBUG] Database connected successfully.
[QUEUE_PROCESSOR][2026-04-22 14:15:17] Processing log ID: 216 for type: order
[QUEUE_PROCESSOR][2026-04-22 14:15:17] Target log table determined: email_logs
[QUEUE_PROCESSOR][2026-04-22 14:15:17] Found log ID 216 with status: pending
[QUEUE_PROCESSOR][2026-04-22 14:15:17] Status updated to 'sending' for log ID 216.
[QUEUE_PROCESSOR][2026-04-22 14:15:17] [DEBUG] Attachment web_path (after clean): pdf/PO-STV-22042026-004.pdf
[QUEUE_PROCESSOR][2026-04-22 14:15:17] [DEBUG] Resolved file_path: C:\xampp\htdocs\quanlykho\pdf\PO-STV-22042026-004.pdf
[QUEUE_PROCESSOR][2026-04-22 14:15:19] Email sent successfully for Log ID: 216.
[QUEUE_PROCESSOR][2026-04-22 14:15:19] Final status updated to 'sent' for log ID 216.
[QUEUE_PROCESSOR][2026-04-22 14:15:19] Script finished for Log ID: 216
