[QUEUE_PROCESSOR][2025-11-28 14:22:58] [STARTUP] Script process_email_queue.php started. PHP Version: 8.2.12
[QUEUE_PROCESSOR][2025-11-28 14:22:58] [DEBUG] Database connected successfully.
[QUEUE_PROCESSOR][2025-11-28 14:22:58] Processing log ID: 147 for type: order
[QUEUE_PROCESSOR][2025-11-28 14:22:58] Target log table determined: email_logs
[QUEUE_PROCESSOR][2025-11-28 14:22:58] Found log ID 147 with status: pending
[QUEUE_PROCESSOR][2025-11-28 14:22:58] Status updated to 'sending' for log ID 147.
[QUEUE_PROCESSOR][2025-11-28 14:23:01] Token đã được làm mới và lưu lại.
[QUEUE_PROCESSOR][2025-11-28 14:23:01] [DEBUG] Attachment web_path (after clean): pdf/PO-STV-28112025-002.pdf
[QUEUE_PROCESSOR][2025-11-28 14:23:01] [DEBUG] Resolved file_path: C:\xampp\htdocs\quanlykho\pdf\PO-STV-28112025-002.pdf
[QUEUE_PROCESSOR][2025-11-28 14:23:03] Email sent successfully for Log ID: 147.
[QUEUE_PROCESSOR][2025-11-28 14:23:03] Final status updated to 'sent' for log ID 147.
[QUEUE_PROCESSOR][2025-11-28 14:23:03] Script finished for Log ID: 147
[QUEUE_PROCESSOR][2025-11-28 16:26:39] [STARTUP] Script process_email_queue.php started. PHP Version: 8.2.12
[QUEUE_PROCESSOR][2025-11-28 16:26:39] [DEBUG] Database connected successfully.
[QUEUE_PROCESSOR][2025-11-28 16:26:39] Processing log ID: 148 for type: order
[QUEUE_PROCESSOR][2025-11-28 16:26:39] Target log table determined: email_logs
[QUEUE_PROCESSOR][2025-11-28 16:26:39] Found log ID 148 with status: pending
[QUEUE_PROCESSOR][2025-11-28 16:26:39] Status updated to 'sending' for log ID 148.
[QUEUE_PROCESSOR][2025-11-28 16:26:39] [DEBUG] Attachment web_path (after clean): pdf/PO-STV-28112025-004.pdf
[QUEUE_PROCESSOR][2025-11-28 16:26:39] [DEBUG] Resolved file_path: C:\xampp\htdocs\quanlykho\pdf\PO-STV-28112025-004.pdf
[QUEUE_PROCESSOR][2025-11-28 16:26:41] Email sent successfully for Log ID: 148.
[QUEUE_PROCESSOR][2025-11-28 16:26:41] Final status updated to 'sent' for log ID 148.
[QUEUE_PROCESSOR][2025-11-28 16:26:41] Script finished for Log ID: 148
