[QUEUE_PROCESSOR][2026-02-06 08:14:13] [STARTUP] Script process_email_queue.php started. PHP Version: 8.2.12
[QUEUE_PROCESSOR][2026-02-06 08:14:13] [DEBUG] Database connected successfully.
[QUEUE_PROCESSOR][2026-02-06 08:14:13] Processing log ID: 190 for type: order
[QUEUE_PROCESSOR][2026-02-06 08:14:13] Target log table determined: email_logs
[QUEUE_PROCESSOR][2026-02-06 08:14:13] Found log ID 190 with status: pending
[QUEUE_PROCESSOR][2026-02-06 08:14:13] Status updated to 'sending' for log ID 190.
[QUEUE_PROCESSOR][2026-02-06 08:14:16] Token đã được làm mới và lưu lại.
[QUEUE_PROCESSOR][2026-02-06 08:14:17] [DEBUG] Attachment web_path (after clean): pdf/PO-STV-06022026-001.pdf
[QUEUE_PROCESSOR][2026-02-06 08:14:17] [DEBUG] Resolved file_path: C:\xampp\htdocs\quanlykho\pdf\PO-STV-06022026-001.pdf
[QUEUE_PROCESSOR][2026-02-06 08:14:19] Email sent successfully for Log ID: 190.
[QUEUE_PROCESSOR][2026-02-06 08:14:19] Final status updated to 'sent' for log ID 190.
[QUEUE_PROCESSOR][2026-02-06 08:14:19] Script finished for Log ID: 190
[QUEUE_PROCESSOR][2026-02-06 11:09:50] [STARTUP] Script process_email_queue.php started. PHP Version: 8.2.12
[QUEUE_PROCESSOR][2026-02-06 11:09:50] [DEBUG] Database connected successfully.
[QUEUE_PROCESSOR][2026-02-06 11:09:50] Processing log ID: 191 for type: order
[QUEUE_PROCESSOR][2026-02-06 11:09:50] Target log table determined: email_logs
[QUEUE_PROCESSOR][2026-02-06 11:09:50] Found log ID 191 with status: pending
[QUEUE_PROCESSOR][2026-02-06 11:09:50] Status updated to 'sending' for log ID 191.
[QUEUE_PROCESSOR][2026-02-06 11:09:52] Token đã được làm mới và lưu lại.
[QUEUE_PROCESSOR][2026-02-06 11:09:52] [DEBUG] Attachment web_path (after clean): pdf/PO-STV-06022026-003.pdf
[QUEUE_PROCESSOR][2026-02-06 11:09:52] [DEBUG] Resolved file_path: C:\xampp\htdocs\quanlykho\pdf\PO-STV-06022026-003.pdf
[QUEUE_PROCESSOR][2026-02-06 11:09:54] Email sent successfully for Log ID: 191.
[QUEUE_PROCESSOR][2026-02-06 11:09:54] Final status updated to 'sent' for log ID 191.
[QUEUE_PROCESSOR][2026-02-06 11:09:54] Script finished for Log ID: 191
