[QUEUE_PROCESSOR][2026-02-04 10:20:09] [STARTUP] Script process_email_queue.php started. PHP Version: 8.2.12
[QUEUE_PROCESSOR][2026-02-04 10:20:09] [DEBUG] Database connected successfully.
[QUEUE_PROCESSOR][2026-02-04 10:20:09] Processing log ID: 187 for type: order
[QUEUE_PROCESSOR][2026-02-04 10:20:09] Target log table determined: email_logs
[QUEUE_PROCESSOR][2026-02-04 10:20:09] Found log ID 187 with status: pending
[QUEUE_PROCESSOR][2026-02-04 10:20:09] Status updated to 'sending' for log ID 187.
[QUEUE_PROCESSOR][2026-02-04 10:20:11] Token đã được làm mới và lưu lại.
[QUEUE_PROCESSOR][2026-02-04 10:20:12] [DEBUG] Attachment web_path (after clean): pdf/PO-STV-04022026-001.pdf
[QUEUE_PROCESSOR][2026-02-04 10:20:12] [DEBUG] Resolved file_path: C:\xampp\htdocs\quanlykho\pdf\PO-STV-04022026-001.pdf
[QUEUE_PROCESSOR][2026-02-04 10:20:14] Email sent successfully for Log ID: 187.
[QUEUE_PROCESSOR][2026-02-04 10:20:14] Final status updated to 'sent' for log ID 187.
[QUEUE_PROCESSOR][2026-02-04 10:20:14] Script finished for Log ID: 187
[QUEUE_PROCESSOR][2026-02-04 14:36:38] [STARTUP] Script process_email_queue.php started. PHP Version: 8.2.12
[QUEUE_PROCESSOR][2026-02-04 14:36:38] [DEBUG] Database connected successfully.
[QUEUE_PROCESSOR][2026-02-04 14:36:38] Processing log ID: 188 for type: order
[QUEUE_PROCESSOR][2026-02-04 14:36:38] Target log table determined: email_logs
[QUEUE_PROCESSOR][2026-02-04 14:36:38] Found log ID 188 with status: pending
[QUEUE_PROCESSOR][2026-02-04 14:36:38] Status updated to 'sending' for log ID 188.
[QUEUE_PROCESSOR][2026-02-04 14:36:39] Token đã được làm mới và lưu lại.
[QUEUE_PROCESSOR][2026-02-04 14:36:39] [DEBUG] Attachment web_path (after clean): pdf/PO-STV-04022026-005.pdf
[QUEUE_PROCESSOR][2026-02-04 14:36:39] [DEBUG] Resolved file_path: C:\xampp\htdocs\quanlykho\pdf\PO-STV-04022026-005.pdf
[QUEUE_PROCESSOR][2026-02-04 14:36:41] Email sent successfully for Log ID: 188.
[QUEUE_PROCESSOR][2026-02-04 14:36:41] Final status updated to 'sent' for log ID 188.
[QUEUE_PROCESSOR][2026-02-04 14:36:41] Script finished for Log ID: 188
[QUEUE_PROCESSOR][2026-02-04 16:24:40] [STARTUP] Script process_email_queue.php started. PHP Version: 8.2.12
[QUEUE_PROCESSOR][2026-02-04 16:24:40] [DEBUG] Database connected successfully.
[QUEUE_PROCESSOR][2026-02-04 16:24:40] Processing log ID: 189 for type: order
[QUEUE_PROCESSOR][2026-02-04 16:24:40] Target log table determined: email_logs
[QUEUE_PROCESSOR][2026-02-04 16:24:40] Found log ID 189 with status: pending
[QUEUE_PROCESSOR][2026-02-04 16:24:40] Status updated to 'sending' for log ID 189.
[QUEUE_PROCESSOR][2026-02-04 16:24:41] Token đã được làm mới và lưu lại.
[QUEUE_PROCESSOR][2026-02-04 16:24:41] [DEBUG] Attachment web_path (after clean): pdf/PO-STV-04022026-009.pdf
[QUEUE_PROCESSOR][2026-02-04 16:24:41] [DEBUG] Resolved file_path: C:\xampp\htdocs\quanlykho\pdf\PO-STV-04022026-009.pdf
[QUEUE_PROCESSOR][2026-02-04 16:24:42] Email sent successfully for Log ID: 189.
[QUEUE_PROCESSOR][2026-02-04 16:24:42] Final status updated to 'sent' for log ID 189.
[QUEUE_PROCESSOR][2026-02-04 16:24:42] Script finished for Log ID: 189
