[QUEUE_PROCESSOR][2026-02-03 09:01:24] [STARTUP] Script process_email_queue.php started. PHP Version: 8.2.12
[QUEUE_PROCESSOR][2026-02-03 09:01:25] [DEBUG] Database connected successfully.
[QUEUE_PROCESSOR][2026-02-03 09:01:25] Processing log ID: 185 for type: order
[QUEUE_PROCESSOR][2026-02-03 09:01:25] Target log table determined: email_logs
[QUEUE_PROCESSOR][2026-02-03 09:01:25] Found log ID 185 with status: pending
[QUEUE_PROCESSOR][2026-02-03 09:01:25] Status updated to 'sending' for log ID 185.
[QUEUE_PROCESSOR][2026-02-03 09:01:27] Token đã được làm mới và lưu lại.
[QUEUE_PROCESSOR][2026-02-03 09:01:28] [DEBUG] Attachment web_path (after clean): pdf/PO-STV-03022026-001.pdf
[QUEUE_PROCESSOR][2026-02-03 09:01:28] [DEBUG] Resolved file_path: C:\xampp\htdocs\quanlykho\pdf\PO-STV-03022026-001.pdf
[QUEUE_PROCESSOR][2026-02-03 09:01:29] Email sent successfully for Log ID: 185.
[QUEUE_PROCESSOR][2026-02-03 09:01:29] Final status updated to 'sent' for log ID 185.
[QUEUE_PROCESSOR][2026-02-03 09:01:29] Script finished for Log ID: 185
[QUEUE_PROCESSOR][2026-02-03 10:16:44] [STARTUP] Script process_email_queue.php started. PHP Version: 8.2.12
[QUEUE_PROCESSOR][2026-02-03 10:16:44] [DEBUG] Database connected successfully.
[QUEUE_PROCESSOR][2026-02-03 10:16:44] Processing log ID: 186 for type: order
[QUEUE_PROCESSOR][2026-02-03 10:16:44] Target log table determined: email_logs
[QUEUE_PROCESSOR][2026-02-03 10:16:44] Found log ID 186 with status: pending
[QUEUE_PROCESSOR][2026-02-03 10:16:44] Status updated to 'sending' for log ID 186.
[QUEUE_PROCESSOR][2026-02-03 10:16:46] Token đã được làm mới và lưu lại.
[QUEUE_PROCESSOR][2026-02-03 10:16:46] [DEBUG] Attachment web_path (after clean): pdf/PO-STV-03022026-002.pdf
[QUEUE_PROCESSOR][2026-02-03 10:16:46] [DEBUG] Resolved file_path: C:\xampp\htdocs\quanlykho\pdf\PO-STV-03022026-002.pdf
[QUEUE_PROCESSOR][2026-02-03 10:16:47] Email sent successfully for Log ID: 186.
[QUEUE_PROCESSOR][2026-02-03 10:16:47] Final status updated to 'sent' for log ID 186.
[QUEUE_PROCESSOR][2026-02-03 10:16:47] Script finished for Log ID: 186
