[02-Apr-2026 09:17:17 Asia/Ho_Chi_Minh] DEPRECATED: Return type of Google\Model::offsetExists($offset) should either be compatible with ArrayAccess::offsetExists(mixed $offset): bool, or the #[\ReturnTypeWillChange] attribute should be used to temporarily suppress the notice in C:\xampp\htdocs\quanlykho\vendor\google\apiclient\src\Model.php:256
[02-Apr-2026 09:17:17 Asia/Ho_Chi_Minh] DEPRECATED: Return type of Google\Model::offsetGet($offset) should either be compatible with ArrayAccess::offsetGet(mixed $offset): mixed, or the #[\ReturnTypeWillChange] attribute should be used to temporarily suppress the notice in C:\xampp\htdocs\quanlykho\vendor\google\apiclient\src\Model.php:261
[02-Apr-2026 09:17:17 Asia/Ho_Chi_Minh] DEPRECATED: Return type of Google\Model::offsetSet($offset, $value) should either be compatible with ArrayAccess::offsetSet(mixed $offset, mixed $value): void, or the #[\ReturnTypeWillChange] attribute should be used to temporarily suppress the notice in C:\xampp\htdocs\quanlykho\vendor\google\apiclient\src\Model.php:268
[02-Apr-2026 09:17:17 Asia/Ho_Chi_Minh] DEPRECATED: Return type of Google\Model::offsetUnset($offset) should either be compatible with ArrayAccess::offsetUnset(mixed $offset): void, or the #[\ReturnTypeWillChange] attribute should be used to temporarily suppress the notice in C:\xampp\htdocs\quanlykho\vendor\google\apiclient\src\Model.php:278
[02-Apr-2026 09:17:17 Asia/Ho_Chi_Minh] DEPRECATED: Return type of Google\Collection::current() should either be compatible with Iterator::current(): mixed, or the #[\ReturnTypeWillChange] attribute should be used to temporarily suppress the notice in C:\xampp\htdocs\quanlykho\vendor\google\apiclient\src\Collection.php:22
[02-Apr-2026 09:17:17 Asia/Ho_Chi_Minh] DEPRECATED: Return type of Google\Collection::next() should either be compatible with Iterator::next(): void, or the #[\ReturnTypeWillChange] attribute should be used to temporarily suppress the notice in C:\xampp\htdocs\quanlykho\vendor\google\apiclient\src\Collection.php:38
[02-Apr-2026 09:17:17 Asia/Ho_Chi_Minh] DEPRECATED: Return type of Google\Collection::key() should either be compatible with Iterator::key(): mixed, or the #[\ReturnTypeWillChange] attribute should be used to temporarily suppress the notice in C:\xampp\htdocs\quanlykho\vendor\google\apiclient\src\Collection.php:30
[02-Apr-2026 09:17:17 Asia/Ho_Chi_Minh] DEPRECATED: Return type of Google\Collection::valid() should either be compatible with Iterator::valid(): bool, or the #[\ReturnTypeWillChange] attribute should be used to temporarily suppress the notice in C:\xampp\htdocs\quanlykho\vendor\google\apiclient\src\Collection.php:43
[02-Apr-2026 09:17:17 Asia/Ho_Chi_Minh] DEPRECATED: Return type of Google\Collection::rewind() should either be compatible with Iterator::rewind(): void, or the #[\ReturnTypeWillChange] attribute should be used to temporarily suppress the notice in C:\xampp\htdocs\quanlykho\vendor\google\apiclient\src\Collection.php:14
[02-Apr-2026 09:17:17 Asia/Ho_Chi_Minh] DEPRECATED: Return type of Google\Collection::count() should either be compatible with Countable::count(): int, or the #[\ReturnTypeWillChange] attribute should be used to temporarily suppress the notice in C:\xampp\htdocs\quanlykho\vendor\google\apiclient\src\Collection.php:49
[02-Apr-2026 09:28:51 Asia/Ho_Chi_Minh] DEPRECATED: Return type of Google\Model::offsetExists($offset) should either be compatible with ArrayAccess::offsetExists(mixed $offset): bool, or the #[\ReturnTypeWillChange] attribute should be used to temporarily suppress the notice in C:\xampp\htdocs\quanlykho\vendor\google\apiclient\src\Model.php:256
[02-Apr-2026 09:28:51 Asia/Ho_Chi_Minh] DEPRECATED: Return type of Google\Model::offsetGet($offset) should either be compatible with ArrayAccess::offsetGet(mixed $offset): mixed, or the #[\ReturnTypeWillChange] attribute should be used to temporarily suppress the notice in C:\xampp\htdocs\quanlykho\vendor\google\apiclient\src\Model.php:261
[02-Apr-2026 09:28:51 Asia/Ho_Chi_Minh] DEPRECATED: Return type of Google\Model::offsetSet($offset, $value) should either be compatible with ArrayAccess::offsetSet(mixed $offset, mixed $value): void, or the #[\ReturnTypeWillChange] attribute should be used to temporarily suppress the notice in C:\xampp\htdocs\quanlykho\vendor\google\apiclient\src\Model.php:268
[02-Apr-2026 09:28:51 Asia/Ho_Chi_Minh] DEPRECATED: Return type of Google\Model::offsetUnset($offset) should either be compatible with ArrayAccess::offsetUnset(mixed $offset): void, or the #[\ReturnTypeWillChange] attribute should be used to temporarily suppress the notice in C:\xampp\htdocs\quanlykho\vendor\google\apiclient\src\Model.php:278
[02-Apr-2026 09:28:51 Asia/Ho_Chi_Minh] DEPRECATED: Return type of Google\Collection::current() should either be compatible with Iterator::current(): mixed, or the #[\ReturnTypeWillChange] attribute should be used to temporarily suppress the notice in C:\xampp\htdocs\quanlykho\vendor\google\apiclient\src\Collection.php:22
[02-Apr-2026 09:28:51 Asia/Ho_Chi_Minh] DEPRECATED: Return type of Google\Collection::next() should either be compatible with Iterator::next(): void, or the #[\ReturnTypeWillChange] attribute should be used to temporarily suppress the notice in C:\xampp\htdocs\quanlykho\vendor\google\apiclient\src\Collection.php:38
[02-Apr-2026 09:28:51 Asia/Ho_Chi_Minh] DEPRECATED: Return type of Google\Collection::key() should either be compatible with Iterator::key(): mixed, or the #[\ReturnTypeWillChange] attribute should be used to temporarily suppress the notice in C:\xampp\htdocs\quanlykho\vendor\google\apiclient\src\Collection.php:30
[02-Apr-2026 09:28:51 Asia/Ho_Chi_Minh] DEPRECATED: Return type of Google\Collection::valid() should either be compatible with Iterator::valid(): bool, or the #[\ReturnTypeWillChange] attribute should be used to temporarily suppress the notice in C:\xampp\htdocs\quanlykho\vendor\google\apiclient\src\Collection.php:43
[02-Apr-2026 09:28:51 Asia/Ho_Chi_Minh] DEPRECATED: Return type of Google\Collection::rewind() should either be compatible with Iterator::rewind(): void, or the #[\ReturnTypeWillChange] attribute should be used to temporarily suppress the notice in C:\xampp\htdocs\quanlykho\vendor\google\apiclient\src\Collection.php:14
[02-Apr-2026 09:28:51 Asia/Ho_Chi_Minh] DEPRECATED: Return type of Google\Collection::count() should either be compatible with Countable::count(): int, or the #[\ReturnTypeWillChange] attribute should be used to temporarily suppress the notice in C:\xampp\htdocs\quanlykho\vendor\google\apiclient\src\Collection.php:49
[02-Apr-2026 09:38:32 Asia/Ho_Chi_Minh] DEPRECATED: Return type of Google\Model::offsetExists($offset) should either be compatible with ArrayAccess::offsetExists(mixed $offset): bool, or the #[\ReturnTypeWillChange] attribute should be used to temporarily suppress the notice in C:\xampp\htdocs\quanlykho\vendor\google\apiclient\src\Model.php:256
[02-Apr-2026 09:38:32 Asia/Ho_Chi_Minh] DEPRECATED: Return type of Google\Model::offsetGet($offset) should either be compatible with ArrayAccess::offsetGet(mixed $offset): mixed, or the #[\ReturnTypeWillChange] attribute should be used to temporarily suppress the notice in C:\xampp\htdocs\quanlykho\vendor\google\apiclient\src\Model.php:261
[02-Apr-2026 09:38:32 Asia/Ho_Chi_Minh] DEPRECATED: Return type of Google\Model::offsetSet($offset, $value) should either be compatible with ArrayAccess::offsetSet(mixed $offset, mixed $value): void, or the #[\ReturnTypeWillChange] attribute should be used to temporarily suppress the notice in C:\xampp\htdocs\quanlykho\vendor\google\apiclient\src\Model.php:268
[02-Apr-2026 09:38:32 Asia/Ho_Chi_Minh] DEPRECATED: Return type of Google\Model::offsetUnset($offset) should either be compatible with ArrayAccess::offsetUnset(mixed $offset): void, or the #[\ReturnTypeWillChange] attribute should be used to temporarily suppress the notice in C:\xampp\htdocs\quanlykho\vendor\google\apiclient\src\Model.php:278
[02-Apr-2026 09:38:32 Asia/Ho_Chi_Minh] DEPRECATED: Return type of Google\Collection::current() should either be compatible with Iterator::current(): mixed, or the #[\ReturnTypeWillChange] attribute should be used to temporarily suppress the notice in C:\xampp\htdocs\quanlykho\vendor\google\apiclient\src\Collection.php:22
[02-Apr-2026 09:38:32 Asia/Ho_Chi_Minh] DEPRECATED: Return type of Google\Collection::next() should either be compatible with Iterator::next(): void, or the #[\ReturnTypeWillChange] attribute should be used to temporarily suppress the notice in C:\xampp\htdocs\quanlykho\vendor\google\apiclient\src\Collection.php:38
[02-Apr-2026 09:38:32 Asia/Ho_Chi_Minh] DEPRECATED: Return type of Google\Collection::key() should either be compatible with Iterator::key(): mixed, or the #[\ReturnTypeWillChange] attribute should be used to temporarily suppress the notice in C:\xampp\htdocs\quanlykho\vendor\google\apiclient\src\Collection.php:30
[02-Apr-2026 09:38:32 Asia/Ho_Chi_Minh] DEPRECATED: Return type of Google\Collection::valid() should either be compatible with Iterator::valid(): bool, or the #[\ReturnTypeWillChange] attribute should be used to temporarily suppress the notice in C:\xampp\htdocs\quanlykho\vendor\google\apiclient\src\Collection.php:43
[02-Apr-2026 09:38:32 Asia/Ho_Chi_Minh] DEPRECATED: Return type of Google\Collection::rewind() should either be compatible with Iterator::rewind(): void, or the #[\ReturnTypeWillChange] attribute should be used to temporarily suppress the notice in C:\xampp\htdocs\quanlykho\vendor\google\apiclient\src\Collection.php:14
[02-Apr-2026 09:38:32 Asia/Ho_Chi_Minh] DEPRECATED: Return type of Google\Collection::count() should either be compatible with Countable::count(): int, or the #[\ReturnTypeWillChange] attribute should be used to temporarily suppress the notice in C:\xampp\htdocs\quanlykho\vendor\google\apiclient\src\Collection.php:49
[02-Apr-2026 09:41:09 Asia/Ho_Chi_Minh] DEPRECATED: Return type of Google\Model::offsetExists($offset) should either be compatible with ArrayAccess::offsetExists(mixed $offset): bool, or the #[\ReturnTypeWillChange] attribute should be used to temporarily suppress the notice in C:\xampp\htdocs\quanlykho\vendor\google\apiclient\src\Model.php:256
[02-Apr-2026 09:41:09 Asia/Ho_Chi_Minh] DEPRECATED: Return type of Google\Model::offsetGet($offset) should either be compatible with ArrayAccess::offsetGet(mixed $offset): mixed, or the #[\ReturnTypeWillChange] attribute should be used to temporarily suppress the notice in C:\xampp\htdocs\quanlykho\vendor\google\apiclient\src\Model.php:261
[02-Apr-2026 09:41:09 Asia/Ho_Chi_Minh] DEPRECATED: Return type of Google\Model::offsetSet($offset, $value) should either be compatible with ArrayAccess::offsetSet(mixed $offset, mixed $value): void, or the #[\ReturnTypeWillChange] attribute should be used to temporarily suppress the notice in C:\xampp\htdocs\quanlykho\vendor\google\apiclient\src\Model.php:268
[02-Apr-2026 09:41:09 Asia/Ho_Chi_Minh] DEPRECATED: Return type of Google\Model::offsetUnset($offset) should either be compatible with ArrayAccess::offsetUnset(mixed $offset): void, or the #[\ReturnTypeWillChange] attribute should be used to temporarily suppress the notice in C:\xampp\htdocs\quanlykho\vendor\google\apiclient\src\Model.php:278
[02-Apr-2026 09:41:09 Asia/Ho_Chi_Minh] DEPRECATED: Return type of Google\Collection::current() should either be compatible with Iterator::current(): mixed, or the #[\ReturnTypeWillChange] attribute should be used to temporarily suppress the notice in C:\xampp\htdocs\quanlykho\vendor\google\apiclient\src\Collection.php:22
[02-Apr-2026 09:41:09 Asia/Ho_Chi_Minh] DEPRECATED: Return type of Google\Collection::next() should either be compatible with Iterator::next(): void, or the #[\ReturnTypeWillChange] attribute should be used to temporarily suppress the notice in C:\xampp\htdocs\quanlykho\vendor\google\apiclient\src\Collection.php:38
[02-Apr-2026 09:41:09 Asia/Ho_Chi_Minh] DEPRECATED: Return type of Google\Collection::key() should either be compatible with Iterator::key(): mixed, or the #[\ReturnTypeWillChange] attribute should be used to temporarily suppress the notice in C:\xampp\htdocs\quanlykho\vendor\google\apiclient\src\Collection.php:30
[02-Apr-2026 09:41:09 Asia/Ho_Chi_Minh] DEPRECATED: Return type of Google\Collection::valid() should either be compatible with Iterator::valid(): bool, or the #[\ReturnTypeWillChange] attribute should be used to temporarily suppress the notice in C:\xampp\htdocs\quanlykho\vendor\google\apiclient\src\Collection.php:43
[02-Apr-2026 09:41:09 Asia/Ho_Chi_Minh] DEPRECATED: Return type of Google\Collection::rewind() should either be compatible with Iterator::rewind(): void, or the #[\ReturnTypeWillChange] attribute should be used to temporarily suppress the notice in C:\xampp\htdocs\quanlykho\vendor\google\apiclient\src\Collection.php:14
[02-Apr-2026 09:41:09 Asia/Ho_Chi_Minh] DEPRECATED: Return type of Google\Collection::count() should either be compatible with Countable::count(): int, or the #[\ReturnTypeWillChange] attribute should be used to temporarily suppress the notice in C:\xampp\htdocs\quanlykho\vendor\google\apiclient\src\Collection.php:49
[02-Apr-2026 09:42:06 Asia/Ho_Chi_Minh] DEPRECATED: Return type of Google\Model::offsetExists($offset) should either be compatible with ArrayAccess::offsetExists(mixed $offset): bool, or the #[\ReturnTypeWillChange] attribute should be used to temporarily suppress the notice in C:\xampp\htdocs\quanlykho\vendor\google\apiclient\src\Model.php:256
[02-Apr-2026 09:42:06 Asia/Ho_Chi_Minh] DEPRECATED: Return type of Google\Model::offsetGet($offset) should either be compatible with ArrayAccess::offsetGet(mixed $offset): mixed, or the #[\ReturnTypeWillChange] attribute should be used to temporarily suppress the notice in C:\xampp\htdocs\quanlykho\vendor\google\apiclient\src\Model.php:261
[02-Apr-2026 09:42:06 Asia/Ho_Chi_Minh] DEPRECATED: Return type of Google\Model::offsetSet($offset, $value) should either be compatible with ArrayAccess::offsetSet(mixed $offset, mixed $value): void, or the #[\ReturnTypeWillChange] attribute should be used to temporarily suppress the notice in C:\xampp\htdocs\quanlykho\vendor\google\apiclient\src\Model.php:268
[02-Apr-2026 09:42:06 Asia/Ho_Chi_Minh] DEPRECATED: Return type of Google\Model::offsetUnset($offset) should either be compatible with ArrayAccess::offsetUnset(mixed $offset): void, or the #[\ReturnTypeWillChange] attribute should be used to temporarily suppress the notice in C:\xampp\htdocs\quanlykho\vendor\google\apiclient\src\Model.php:278
[02-Apr-2026 09:42:06 Asia/Ho_Chi_Minh] DEPRECATED: Return type of Google\Collection::current() should either be compatible with Iterator::current(): mixed, or the #[\ReturnTypeWillChange] attribute should be used to temporarily suppress the notice in C:\xampp\htdocs\quanlykho\vendor\google\apiclient\src\Collection.php:22
[02-Apr-2026 09:42:06 Asia/Ho_Chi_Minh] DEPRECATED: Return type of Google\Collection::next() should either be compatible with Iterator::next(): void, or the #[\ReturnTypeWillChange] attribute should be used to temporarily suppress the notice in C:\xampp\htdocs\quanlykho\vendor\google\apiclient\src\Collection.php:38
[02-Apr-2026 09:42:06 Asia/Ho_Chi_Minh] DEPRECATED: Return type of Google\Collection::key() should either be compatible with Iterator::key(): mixed, or the #[\ReturnTypeWillChange] attribute should be used to temporarily suppress the notice in C:\xampp\htdocs\quanlykho\vendor\google\apiclient\src\Collection.php:30
[02-Apr-2026 09:42:06 Asia/Ho_Chi_Minh] DEPRECATED: Return type of Google\Collection::valid() should either be compatible with Iterator::valid(): bool, or the #[\ReturnTypeWillChange] attribute should be used to temporarily suppress the notice in C:\xampp\htdocs\quanlykho\vendor\google\apiclient\src\Collection.php:43
[02-Apr-2026 09:42:06 Asia/Ho_Chi_Minh] DEPRECATED: Return type of Google\Collection::rewind() should either be compatible with Iterator::rewind(): void, or the #[\ReturnTypeWillChange] attribute should be used to temporarily suppress the notice in C:\xampp\htdocs\quanlykho\vendor\google\apiclient\src\Collection.php:14
[02-Apr-2026 09:42:06 Asia/Ho_Chi_Minh] DEPRECATED: Return type of Google\Collection::count() should either be compatible with Countable::count(): int, or the #[\ReturnTypeWillChange] attribute should be used to temporarily suppress the notice in C:\xampp\htdocs\quanlykho\vendor\google\apiclient\src\Collection.php:49
[02-Apr-2026 09:42:29 Asia/Ho_Chi_Minh] DEPRECATED: Return type of Google\Model::offsetExists($offset) should either be compatible with ArrayAccess::offsetExists(mixed $offset): bool, or the #[\ReturnTypeWillChange] attribute should be used to temporarily suppress the notice in C:\xampp\htdocs\quanlykho\vendor\google\apiclient\src\Model.php:256
[02-Apr-2026 09:42:29 Asia/Ho_Chi_Minh] DEPRECATED: Return type of Google\Model::offsetGet($offset) should either be compatible with ArrayAccess::offsetGet(mixed $offset): mixed, or the #[\ReturnTypeWillChange] attribute should be used to temporarily suppress the notice in C:\xampp\htdocs\quanlykho\vendor\google\apiclient\src\Model.php:261
[02-Apr-2026 09:42:29 Asia/Ho_Chi_Minh] DEPRECATED: Return type of Google\Model::offsetSet($offset, $value) should either be compatible with ArrayAccess::offsetSet(mixed $offset, mixed $value): void, or the #[\ReturnTypeWillChange] attribute should be used to temporarily suppress the notice in C:\xampp\htdocs\quanlykho\vendor\google\apiclient\src\Model.php:268
[02-Apr-2026 09:42:29 Asia/Ho_Chi_Minh] DEPRECATED: Return type of Google\Model::offsetUnset($offset) should either be compatible with ArrayAccess::offsetUnset(mixed $offset): void, or the #[\ReturnTypeWillChange] attribute should be used to temporarily suppress the notice in C:\xampp\htdocs\quanlykho\vendor\google\apiclient\src\Model.php:278
[02-Apr-2026 09:42:29 Asia/Ho_Chi_Minh] DEPRECATED: Return type of Google\Collection::current() should either be compatible with Iterator::current(): mixed, or the #[\ReturnTypeWillChange] attribute should be used to temporarily suppress the notice in C:\xampp\htdocs\quanlykho\vendor\google\apiclient\src\Collection.php:22
[02-Apr-2026 09:42:29 Asia/Ho_Chi_Minh] DEPRECATED: Return type of Google\Collection::next() should either be compatible with Iterator::next(): void, or the #[\ReturnTypeWillChange] attribute should be used to temporarily suppress the notice in C:\xampp\htdocs\quanlykho\vendor\google\apiclient\src\Collection.php:38
[02-Apr-2026 09:42:29 Asia/Ho_Chi_Minh] DEPRECATED: Return type of Google\Collection::key() should either be compatible with Iterator::key(): mixed, or the #[\ReturnTypeWillChange] attribute should be used to temporarily suppress the notice in C:\xampp\htdocs\quanlykho\vendor\google\apiclient\src\Collection.php:30
[02-Apr-2026 09:42:29 Asia/Ho_Chi_Minh] DEPRECATED: Return type of Google\Collection::valid() should either be compatible with Iterator::valid(): bool, or the #[\ReturnTypeWillChange] attribute should be used to temporarily suppress the notice in C:\xampp\htdocs\quanlykho\vendor\google\apiclient\src\Collection.php:43
[02-Apr-2026 09:42:29 Asia/Ho_Chi_Minh] DEPRECATED: Return type of Google\Collection::rewind() should either be compatible with Iterator::rewind(): void, or the #[\ReturnTypeWillChange] attribute should be used to temporarily suppress the notice in C:\xampp\htdocs\quanlykho\vendor\google\apiclient\src\Collection.php:14
[02-Apr-2026 09:42:29 Asia/Ho_Chi_Minh] DEPRECATED: Return type of Google\Collection::count() should either be compatible with Countable::count(): int, or the #[\ReturnTypeWillChange] attribute should be used to temporarily suppress the notice in C:\xampp\htdocs\quanlykho\vendor\google\apiclient\src\Collection.php:49
[02-Apr-2026 09:43:35 Asia/Ho_Chi_Minh] DEPRECATED: Return type of Google\Model::offsetExists($offset) should either be compatible with ArrayAccess::offsetExists(mixed $offset): bool, or the #[\ReturnTypeWillChange] attribute should be used to temporarily suppress the notice in C:\xampp\htdocs\quanlykho\vendor\google\apiclient\src\Model.php:256
[02-Apr-2026 09:43:35 Asia/Ho_Chi_Minh] DEPRECATED: Return type of Google\Model::offsetGet($offset) should either be compatible with ArrayAccess::offsetGet(mixed $offset): mixed, or the #[\ReturnTypeWillChange] attribute should be used to temporarily suppress the notice in C:\xampp\htdocs\quanlykho\vendor\google\apiclient\src\Model.php:261
[02-Apr-2026 09:43:35 Asia/Ho_Chi_Minh] DEPRECATED: Return type of Google\Model::offsetSet($offset, $value) should either be compatible with ArrayAccess::offsetSet(mixed $offset, mixed $value): void, or the #[\ReturnTypeWillChange] attribute should be used to temporarily suppress the notice in C:\xampp\htdocs\quanlykho\vendor\google\apiclient\src\Model.php:268
[02-Apr-2026 09:43:35 Asia/Ho_Chi_Minh] DEPRECATED: Return type of Google\Model::offsetUnset($offset) should either be compatible with ArrayAccess::offsetUnset(mixed $offset): void, or the #[\ReturnTypeWillChange] attribute should be used to temporarily suppress the notice in C:\xampp\htdocs\quanlykho\vendor\google\apiclient\src\Model.php:278
[02-Apr-2026 09:43:35 Asia/Ho_Chi_Minh] DEPRECATED: Return type of Google\Collection::current() should either be compatible with Iterator::current(): mixed, or the #[\ReturnTypeWillChange] attribute should be used to temporarily suppress the notice in C:\xampp\htdocs\quanlykho\vendor\google\apiclient\src\Collection.php:22
[02-Apr-2026 09:43:35 Asia/Ho_Chi_Minh] DEPRECATED: Return type of Google\Collection::next() should either be compatible with Iterator::next(): void, or the #[\ReturnTypeWillChange] attribute should be used to temporarily suppress the notice in C:\xampp\htdocs\quanlykho\vendor\google\apiclient\src\Collection.php:38
[02-Apr-2026 09:43:35 Asia/Ho_Chi_Minh] DEPRECATED: Return type of Google\Collection::key() should either be compatible with Iterator::key(): mixed, or the #[\ReturnTypeWillChange] attribute should be used to temporarily suppress the notice in C:\xampp\htdocs\quanlykho\vendor\google\apiclient\src\Collection.php:30
[02-Apr-2026 09:43:35 Asia/Ho_Chi_Minh] DEPRECATED: Return type of Google\Collection::valid() should either be compatible with Iterator::valid(): bool, or the #[\ReturnTypeWillChange] attribute should be used to temporarily suppress the notice in C:\xampp\htdocs\quanlykho\vendor\google\apiclient\src\Collection.php:43
[02-Apr-2026 09:43:35 Asia/Ho_Chi_Minh] DEPRECATED: Return type of Google\Collection::rewind() should either be compatible with Iterator::rewind(): void, or the #[\ReturnTypeWillChange] attribute should be used to temporarily suppress the notice in C:\xampp\htdocs\quanlykho\vendor\google\apiclient\src\Collection.php:14
[02-Apr-2026 09:43:35 Asia/Ho_Chi_Minh] DEPRECATED: Return type of Google\Collection::count() should either be compatible with Countable::count(): int, or the #[\ReturnTypeWillChange] attribute should be used to temporarily suppress the notice in C:\xampp\htdocs\quanlykho\vendor\google\apiclient\src\Collection.php:49
[02-Apr-2026 12:04:48 Asia/Ho_Chi_Minh] DEPRECATED: Return type of Google\Model::offsetExists($offset) should either be compatible with ArrayAccess::offsetExists(mixed $offset): bool, or the #[\ReturnTypeWillChange] attribute should be used to temporarily suppress the notice in C:\xampp\htdocs\quanlykho\vendor\google\apiclient\src\Model.php:256
[02-Apr-2026 12:04:48 Asia/Ho_Chi_Minh] DEPRECATED: Return type of Google\Model::offsetGet($offset) should either be compatible with ArrayAccess::offsetGet(mixed $offset): mixed, or the #[\ReturnTypeWillChange] attribute should be used to temporarily suppress the notice in C:\xampp\htdocs\quanlykho\vendor\google\apiclient\src\Model.php:261
[02-Apr-2026 12:04:48 Asia/Ho_Chi_Minh] DEPRECATED: Return type of Google\Model::offsetSet($offset, $value) should either be compatible with ArrayAccess::offsetSet(mixed $offset, mixed $value): void, or the #[\ReturnTypeWillChange] attribute should be used to temporarily suppress the notice in C:\xampp\htdocs\quanlykho\vendor\google\apiclient\src\Model.php:268
[02-Apr-2026 12:04:48 Asia/Ho_Chi_Minh] DEPRECATED: Return type of Google\Model::offsetUnset($offset) should either be compatible with ArrayAccess::offsetUnset(mixed $offset): void, or the #[\ReturnTypeWillChange] attribute should be used to temporarily suppress the notice in C:\xampp\htdocs\quanlykho\vendor\google\apiclient\src\Model.php:278
[02-Apr-2026 12:04:48 Asia/Ho_Chi_Minh] DEPRECATED: Return type of Google\Collection::current() should either be compatible with Iterator::current(): mixed, or the #[\ReturnTypeWillChange] attribute should be used to temporarily suppress the notice in C:\xampp\htdocs\quanlykho\vendor\google\apiclient\src\Collection.php:22
[02-Apr-2026 12:04:48 Asia/Ho_Chi_Minh] DEPRECATED: Return type of Google\Collection::next() should either be compatible with Iterator::next(): void, or the #[\ReturnTypeWillChange] attribute should be used to temporarily suppress the notice in C:\xampp\htdocs\quanlykho\vendor\google\apiclient\src\Collection.php:38
[02-Apr-2026 12:04:48 Asia/Ho_Chi_Minh] DEPRECATED: Return type of Google\Collection::key() should either be compatible with Iterator::key(): mixed, or the #[\ReturnTypeWillChange] attribute should be used to temporarily suppress the notice in C:\xampp\htdocs\quanlykho\vendor\google\apiclient\src\Collection.php:30
[02-Apr-2026 12:04:48 Asia/Ho_Chi_Minh] DEPRECATED: Return type of Google\Collection::valid() should either be compatible with Iterator::valid(): bool, or the #[\ReturnTypeWillChange] attribute should be used to temporarily suppress the notice in C:\xampp\htdocs\quanlykho\vendor\google\apiclient\src\Collection.php:43
[02-Apr-2026 12:04:48 Asia/Ho_Chi_Minh] DEPRECATED: Return type of Google\Collection::rewind() should either be compatible with Iterator::rewind(): void, or the #[\ReturnTypeWillChange] attribute should be used to temporarily suppress the notice in C:\xampp\htdocs\quanlykho\vendor\google\apiclient\src\Collection.php:14
[02-Apr-2026 12:04:48 Asia/Ho_Chi_Minh] DEPRECATED: Return type of Google\Collection::count() should either be compatible with Countable::count(): int, or the #[\ReturnTypeWillChange] attribute should be used to temporarily suppress the notice in C:\xampp\htdocs\quanlykho\vendor\google\apiclient\src\Collection.php:49
[03-Apr-2026 10:24:33 Asia/Ho_Chi_Minh] DEPRECATED: Return type of Google\Model::offsetExists($offset) should either be compatible with ArrayAccess::offsetExists(mixed $offset): bool, or the #[\ReturnTypeWillChange] attribute should be used to temporarily suppress the notice in C:\xampp\htdocs\quanlykho\vendor\google\apiclient\src\Model.php:256
[03-Apr-2026 10:24:33 Asia/Ho_Chi_Minh] DEPRECATED: Return type of Google\Model::offsetGet($offset) should either be compatible with ArrayAccess::offsetGet(mixed $offset): mixed, or the #[\ReturnTypeWillChange] attribute should be used to temporarily suppress the notice in C:\xampp\htdocs\quanlykho\vendor\google\apiclient\src\Model.php:261
[03-Apr-2026 10:24:33 Asia/Ho_Chi_Minh] DEPRECATED: Return type of Google\Model::offsetSet($offset, $value) should either be compatible with ArrayAccess::offsetSet(mixed $offset, mixed $value): void, or the #[\ReturnTypeWillChange] attribute should be used to temporarily suppress the notice in C:\xampp\htdocs\quanlykho\vendor\google\apiclient\src\Model.php:268
[03-Apr-2026 10:24:33 Asia/Ho_Chi_Minh] DEPRECATED: Return type of Google\Model::offsetUnset($offset) should either be compatible with ArrayAccess::offsetUnset(mixed $offset): void, or the #[\ReturnTypeWillChange] attribute should be used to temporarily suppress the notice in C:\xampp\htdocs\quanlykho\vendor\google\apiclient\src\Model.php:278
[03-Apr-2026 10:24:33 Asia/Ho_Chi_Minh] DEPRECATED: Return type of Google\Collection::current() should either be compatible with Iterator::current(): mixed, or the #[\ReturnTypeWillChange] attribute should be used to temporarily suppress the notice in C:\xampp\htdocs\quanlykho\vendor\google\apiclient\src\Collection.php:22
[03-Apr-2026 10:24:33 Asia/Ho_Chi_Minh] DEPRECATED: Return type of Google\Collection::next() should either be compatible with Iterator::next(): void, or the #[\ReturnTypeWillChange] attribute should be used to temporarily suppress the notice in C:\xampp\htdocs\quanlykho\vendor\google\apiclient\src\Collection.php:38
[03-Apr-2026 10:24:33 Asia/Ho_Chi_Minh] DEPRECATED: Return type of Google\Collection::key() should either be compatible with Iterator::key(): mixed, or the #[\ReturnTypeWillChange] attribute should be used to temporarily suppress the notice in C:\xampp\htdocs\quanlykho\vendor\google\apiclient\src\Collection.php:30
[03-Apr-2026 10:24:33 Asia/Ho_Chi_Minh] DEPRECATED: Return type of Google\Collection::valid() should either be compatible with Iterator::valid(): bool, or the #[\ReturnTypeWillChange] attribute should be used to temporarily suppress the notice in C:\xampp\htdocs\quanlykho\vendor\google\apiclient\src\Collection.php:43
[03-Apr-2026 10:24:33 Asia/Ho_Chi_Minh] DEPRECATED: Return type of Google\Collection::rewind() should either be compatible with Iterator::rewind(): void, or the #[\ReturnTypeWillChange] attribute should be used to temporarily suppress the notice in C:\xampp\htdocs\quanlykho\vendor\google\apiclient\src\Collection.php:14
[03-Apr-2026 10:24:33 Asia/Ho_Chi_Minh] DEPRECATED: Return type of Google\Collection::count() should either be compatible with Countable::count(): int, or the #[\ReturnTypeWillChange] attribute should be used to temporarily suppress the notice in C:\xampp\htdocs\quanlykho\vendor\google\apiclient\src\Collection.php:49
[03-Apr-2026 10:30:24 Asia/Ho_Chi_Minh] DEPRECATED: Return type of Google\Model::offsetExists($offset) should either be compatible with ArrayAccess::offsetExists(mixed $offset): bool, or the #[\ReturnTypeWillChange] attribute should be used to temporarily suppress the notice in C:\xampp\htdocs\quanlykho\vendor\google\apiclient\src\Model.php:256
[03-Apr-2026 10:30:24 Asia/Ho_Chi_Minh] DEPRECATED: Return type of Google\Model::offsetGet($offset) should either be compatible with ArrayAccess::offsetGet(mixed $offset): mixed, or the #[\ReturnTypeWillChange] attribute should be used to temporarily suppress the notice in C:\xampp\htdocs\quanlykho\vendor\google\apiclient\src\Model.php:261
[03-Apr-2026 10:30:24 Asia/Ho_Chi_Minh] DEPRECATED: Return type of Google\Model::offsetSet($offset, $value) should either be compatible with ArrayAccess::offsetSet(mixed $offset, mixed $value): void, or the #[\ReturnTypeWillChange] attribute should be used to temporarily suppress the notice in C:\xampp\htdocs\quanlykho\vendor\google\apiclient\src\Model.php:268
[03-Apr-2026 10:30:24 Asia/Ho_Chi_Minh] DEPRECATED: Return type of Google\Model::offsetUnset($offset) should either be compatible with ArrayAccess::offsetUnset(mixed $offset): void, or the #[\ReturnTypeWillChange] attribute should be used to temporarily suppress the notice in C:\xampp\htdocs\quanlykho\vendor\google\apiclient\src\Model.php:278
[03-Apr-2026 10:30:24 Asia/Ho_Chi_Minh] DEPRECATED: Return type of Google\Collection::current() should either be compatible with Iterator::current(): mixed, or the #[\ReturnTypeWillChange] attribute should be used to temporarily suppress the notice in C:\xampp\htdocs\quanlykho\vendor\google\apiclient\src\Collection.php:22
[03-Apr-2026 10:30:24 Asia/Ho_Chi_Minh] DEPRECATED: Return type of Google\Collection::next() should either be compatible with Iterator::next(): void, or the #[\ReturnTypeWillChange] attribute should be used to temporarily suppress the notice in C:\xampp\htdocs\quanlykho\vendor\google\apiclient\src\Collection.php:38
[03-Apr-2026 10:30:24 Asia/Ho_Chi_Minh] DEPRECATED: Return type of Google\Collection::key() should either be compatible with Iterator::key(): mixed, or the #[\ReturnTypeWillChange] attribute should be used to temporarily suppress the notice in C:\xampp\htdocs\quanlykho\vendor\google\apiclient\src\Collection.php:30
[03-Apr-2026 10:30:24 Asia/Ho_Chi_Minh] DEPRECATED: Return type of Google\Collection::valid() should either be compatible with Iterator::valid(): bool, or the #[\ReturnTypeWillChange] attribute should be used to temporarily suppress the notice in C:\xampp\htdocs\quanlykho\vendor\google\apiclient\src\Collection.php:43
[03-Apr-2026 10:30:24 Asia/Ho_Chi_Minh] DEPRECATED: Return type of Google\Collection::rewind() should either be compatible with Iterator::rewind(): void, or the #[\ReturnTypeWillChange] attribute should be used to temporarily suppress the notice in C:\xampp\htdocs\quanlykho\vendor\google\apiclient\src\Collection.php:14
[03-Apr-2026 10:30:24 Asia/Ho_Chi_Minh] DEPRECATED: Return type of Google\Collection::count() should either be compatible with Countable::count(): int, or the #[\ReturnTypeWillChange] attribute should be used to temporarily suppress the notice in C:\xampp\htdocs\quanlykho\vendor\google\apiclient\src\Collection.php:49
[03-Apr-2026 10:33:40 Asia/Ho_Chi_Minh] PHP Warning:  Undefined variable $level in C:\xampp\htdocs\quanlykho\process\log_api.php on line 42
[03-Apr-2026 10:33:40 Asia/Ho_Chi_Minh] PHP Warning:  Undefined variable $level in C:\xampp\htdocs\quanlykho\process\log_api.php on line 42
[03-Apr-2026 10:33:44 Asia/Ho_Chi_Minh] PHP Warning:  Undefined variable $level in C:\xampp\htdocs\quanlykho\process\log_api.php on line 42
[03-Apr-2026 10:33:44 Asia/Ho_Chi_Minh] PHP Warning:  Undefined variable $level in C:\xampp\htdocs\quanlykho\process\log_api.php on line 42
[03-Apr-2026 10:33:45 Asia/Ho_Chi_Minh] PHP Warning:  Undefined variable $level in C:\xampp\htdocs\quanlykho\process\log_api.php on line 42
[03-Apr-2026 10:33:45 Asia/Ho_Chi_Minh] PHP Warning:  Undefined variable $level in C:\xampp\htdocs\quanlykho\process\log_api.php on line 42
[03-Apr-2026 10:33:46 Asia/Ho_Chi_Minh] PHP Warning:  Undefined variable $level in C:\xampp\htdocs\quanlykho\process\log_api.php on line 42
[03-Apr-2026 10:33:47 Asia/Ho_Chi_Minh] PHP Warning:  Undefined variable $level in C:\xampp\htdocs\quanlykho\process\log_api.php on line 42
[03-Apr-2026 10:33:47 Asia/Ho_Chi_Minh] PHP Warning:  Undefined variable $level in C:\xampp\htdocs\quanlykho\process\log_api.php on line 42
[03-Apr-2026 10:33:47 Asia/Ho_Chi_Minh] PHP Warning:  Undefined variable $level in C:\xampp\htdocs\quanlykho\process\log_api.php on line 42
[03-Apr-2026 11:00:14 Asia/Ho_Chi_Minh] DEPRECATED: Return type of Google\Model::offsetExists($offset) should either be compatible with ArrayAccess::offsetExists(mixed $offset): bool, or the #[\ReturnTypeWillChange] attribute should be used to temporarily suppress the notice in C:\xampp\htdocs\quanlykho\vendor\google\apiclient\src\Model.php:256
[03-Apr-2026 11:00:14 Asia/Ho_Chi_Minh] DEPRECATED: Return type of Google\Model::offsetGet($offset) should either be compatible with ArrayAccess::offsetGet(mixed $offset): mixed, or the #[\ReturnTypeWillChange] attribute should be used to temporarily suppress the notice in C:\xampp\htdocs\quanlykho\vendor\google\apiclient\src\Model.php:261
[03-Apr-2026 11:00:14 Asia/Ho_Chi_Minh] DEPRECATED: Return type of Google\Model::offsetSet($offset, $value) should either be compatible with ArrayAccess::offsetSet(mixed $offset, mixed $value): void, or the #[\ReturnTypeWillChange] attribute should be used to temporarily suppress the notice in C:\xampp\htdocs\quanlykho\vendor\google\apiclient\src\Model.php:268
[03-Apr-2026 11:00:14 Asia/Ho_Chi_Minh] DEPRECATED: Return type of Google\Model::offsetUnset($offset) should either be compatible with ArrayAccess::offsetUnset(mixed $offset): void, or the #[\ReturnTypeWillChange] attribute should be used to temporarily suppress the notice in C:\xampp\htdocs\quanlykho\vendor\google\apiclient\src\Model.php:278
[03-Apr-2026 11:00:15 Asia/Ho_Chi_Minh] DEPRECATED: Return type of Google\Collection::current() should either be compatible with Iterator::current(): mixed, or the #[\ReturnTypeWillChange] attribute should be used to temporarily suppress the notice in C:\xampp\htdocs\quanlykho\vendor\google\apiclient\src\Collection.php:22
[03-Apr-2026 11:00:15 Asia/Ho_Chi_Minh] DEPRECATED: Return type of Google\Collection::next() should either be compatible with Iterator::next(): void, or the #[\ReturnTypeWillChange] attribute should be used to temporarily suppress the notice in C:\xampp\htdocs\quanlykho\vendor\google\apiclient\src\Collection.php:38
[03-Apr-2026 11:00:15 Asia/Ho_Chi_Minh] DEPRECATED: Return type of Google\Collection::key() should either be compatible with Iterator::key(): mixed, or the #[\ReturnTypeWillChange] attribute should be used to temporarily suppress the notice in C:\xampp\htdocs\quanlykho\vendor\google\apiclient\src\Collection.php:30
[03-Apr-2026 11:00:15 Asia/Ho_Chi_Minh] DEPRECATED: Return type of Google\Collection::valid() should either be compatible with Iterator::valid(): bool, or the #[\ReturnTypeWillChange] attribute should be used to temporarily suppress the notice in C:\xampp\htdocs\quanlykho\vendor\google\apiclient\src\Collection.php:43
[03-Apr-2026 11:00:15 Asia/Ho_Chi_Minh] DEPRECATED: Return type of Google\Collection::rewind() should either be compatible with Iterator::rewind(): void, or the #[\ReturnTypeWillChange] attribute should be used to temporarily suppress the notice in C:\xampp\htdocs\quanlykho\vendor\google\apiclient\src\Collection.php:14
[03-Apr-2026 11:00:15 Asia/Ho_Chi_Minh] DEPRECATED: Return type of Google\Collection::count() should either be compatible with Countable::count(): int, or the #[\ReturnTypeWillChange] attribute should be used to temporarily suppress the notice in C:\xampp\htdocs\quanlykho\vendor\google\apiclient\src\Collection.php:49
[03-Apr-2026 11:00:26 Asia/Ho_Chi_Minh] PHP Warning:  Undefined variable $level in C:\xampp\htdocs\quanlykho\process\log_api.php on line 42
[03-Apr-2026 11:00:31 Asia/Ho_Chi_Minh] PHP Warning:  Undefined variable $level in C:\xampp\htdocs\quanlykho\process\log_api.php on line 42
[06-Apr-2026 14:28:29 Asia/Ho_Chi_Minh] PHP Warning:  Undefined variable $level in C:\xampp\htdocs\quanlykho\process\log_api.php on line 42
[06-Apr-2026 14:28:32 Asia/Ho_Chi_Minh] PHP Warning:  Undefined variable $level in C:\xampp\htdocs\quanlykho\process\log_api.php on line 42
[06-Apr-2026 14:28:44 Asia/Ho_Chi_Minh] PHP Warning:  Undefined variable $level in C:\xampp\htdocs\quanlykho\process\log_api.php on line 42
[06-Apr-2026 14:28:45 Asia/Ho_Chi_Minh] PHP Warning:  Undefined variable $level in C:\xampp\htdocs\quanlykho\process\log_api.php on line 42
[07-Apr-2026 08:11:11 Asia/Ho_Chi_Minh] PHP Warning:  Undefined variable $level in C:\xampp\htdocs\quanlykho\process\log_api.php on line 42
[07-Apr-2026 08:11:11 Asia/Ho_Chi_Minh] PHP Warning:  Undefined variable $level in C:\xampp\htdocs\quanlykho\process\log_api.php on line 42
[07-Apr-2026 08:11:13 Asia/Ho_Chi_Minh] PHP Warning:  Undefined variable $level in C:\xampp\htdocs\quanlykho\process\log_api.php on line 42
[07-Apr-2026 08:12:22 Asia/Ho_Chi_Minh] PHP Warning:  Undefined variable $level in C:\xampp\htdocs\quanlykho\process\log_api.php on line 42
[07-Apr-2026 08:12:25 Asia/Ho_Chi_Minh] PHP Warning:  Undefined variable $level in C:\xampp\htdocs\quanlykho\process\log_api.php on line 42
[07-Apr-2026 08:12:25 Asia/Ho_Chi_Minh] PHP Warning:  Undefined variable $level in C:\xampp\htdocs\quanlykho\process\log_api.php on line 42
[07-Apr-2026 09:29:13 Asia/Ho_Chi_Minh] DEPRECATED: Return type of Google\Model::offsetExists($offset) should either be compatible with ArrayAccess::offsetExists(mixed $offset): bool, or the #[\ReturnTypeWillChange] attribute should be used to temporarily suppress the notice in C:\xampp\htdocs\quanlykho\vendor\google\apiclient\src\Model.php:256
[07-Apr-2026 09:29:13 Asia/Ho_Chi_Minh] DEPRECATED: Return type of Google\Model::offsetGet($offset) should either be compatible with ArrayAccess::offsetGet(mixed $offset): mixed, or the #[\ReturnTypeWillChange] attribute should be used to temporarily suppress the notice in C:\xampp\htdocs\quanlykho\vendor\google\apiclient\src\Model.php:261
[07-Apr-2026 09:29:13 Asia/Ho_Chi_Minh] DEPRECATED: Return type of Google\Model::offsetSet($offset, $value) should either be compatible with ArrayAccess::offsetSet(mixed $offset, mixed $value): void, or the #[\ReturnTypeWillChange] attribute should be used to temporarily suppress the notice in C:\xampp\htdocs\quanlykho\vendor\google\apiclient\src\Model.php:268
[07-Apr-2026 09:29:13 Asia/Ho_Chi_Minh] DEPRECATED: Return type of Google\Model::offsetUnset($offset) should either be compatible with ArrayAccess::offsetUnset(mixed $offset): void, or the #[\ReturnTypeWillChange] attribute should be used to temporarily suppress the notice in C:\xampp\htdocs\quanlykho\vendor\google\apiclient\src\Model.php:278
[07-Apr-2026 09:29:13 Asia/Ho_Chi_Minh] DEPRECATED: Return type of Google\Collection::current() should either be compatible with Iterator::current(): mixed, or the #[\ReturnTypeWillChange] attribute should be used to temporarily suppress the notice in C:\xampp\htdocs\quanlykho\vendor\google\apiclient\src\Collection.php:22
[07-Apr-2026 09:29:13 Asia/Ho_Chi_Minh] DEPRECATED: Return type of Google\Collection::next() should either be compatible with Iterator::next(): void, or the #[\ReturnTypeWillChange] attribute should be used to temporarily suppress the notice in C:\xampp\htdocs\quanlykho\vendor\google\apiclient\src\Collection.php:38
[07-Apr-2026 09:29:13 Asia/Ho_Chi_Minh] DEPRECATED: Return type of Google\Collection::key() should either be compatible with Iterator::key(): mixed, or the #[\ReturnTypeWillChange] attribute should be used to temporarily suppress the notice in C:\xampp\htdocs\quanlykho\vendor\google\apiclient\src\Collection.php:30
[07-Apr-2026 09:29:13 Asia/Ho_Chi_Minh] DEPRECATED: Return type of Google\Collection::valid() should either be compatible with Iterator::valid(): bool, or the #[\ReturnTypeWillChange] attribute should be used to temporarily suppress the notice in C:\xampp\htdocs\quanlykho\vendor\google\apiclient\src\Collection.php:43
[07-Apr-2026 09:29:13 Asia/Ho_Chi_Minh] DEPRECATED: Return type of Google\Collection::rewind() should either be compatible with Iterator::rewind(): void, or the #[\ReturnTypeWillChange] attribute should be used to temporarily suppress the notice in C:\xampp\htdocs\quanlykho\vendor\google\apiclient\src\Collection.php:14
[07-Apr-2026 09:29:13 Asia/Ho_Chi_Minh] DEPRECATED: Return type of Google\Collection::count() should either be compatible with Countable::count(): int, or the #[\ReturnTypeWillChange] attribute should be used to temporarily suppress the notice in C:\xampp\htdocs\quanlykho\vendor\google\apiclient\src\Collection.php:49
[07-Apr-2026 09:30:12 Asia/Ho_Chi_Minh] DEPRECATED: Return type of Google\Model::offsetExists($offset) should either be compatible with ArrayAccess::offsetExists(mixed $offset): bool, or the #[\ReturnTypeWillChange] attribute should be used to temporarily suppress the notice in C:\xampp\htdocs\quanlykho\vendor\google\apiclient\src\Model.php:256
[07-Apr-2026 09:30:12 Asia/Ho_Chi_Minh] DEPRECATED: Return type of Google\Model::offsetGet($offset) should either be compatible with ArrayAccess::offsetGet(mixed $offset): mixed, or the #[\ReturnTypeWillChange] attribute should be used to temporarily suppress the notice in C:\xampp\htdocs\quanlykho\vendor\google\apiclient\src\Model.php:261
[07-Apr-2026 09:30:12 Asia/Ho_Chi_Minh] DEPRECATED: Return type of Google\Model::offsetSet($offset, $value) should either be compatible with ArrayAccess::offsetSet(mixed $offset, mixed $value): void, or the #[\ReturnTypeWillChange] attribute should be used to temporarily suppress the notice in C:\xampp\htdocs\quanlykho\vendor\google\apiclient\src\Model.php:268
[07-Apr-2026 09:30:12 Asia/Ho_Chi_Minh] DEPRECATED: Return type of Google\Model::offsetUnset($offset) should either be compatible with ArrayAccess::offsetUnset(mixed $offset): void, or the #[\ReturnTypeWillChange] attribute should be used to temporarily suppress the notice in C:\xampp\htdocs\quanlykho\vendor\google\apiclient\src\Model.php:278
[07-Apr-2026 09:30:12 Asia/Ho_Chi_Minh] DEPRECATED: Return type of Google\Collection::current() should either be compatible with Iterator::current(): mixed, or the #[\ReturnTypeWillChange] attribute should be used to temporarily suppress the notice in C:\xampp\htdocs\quanlykho\vendor\google\apiclient\src\Collection.php:22
[07-Apr-2026 09:30:12 Asia/Ho_Chi_Minh] DEPRECATED: Return type of Google\Collection::next() should either be compatible with Iterator::next(): void, or the #[\ReturnTypeWillChange] attribute should be used to temporarily suppress the notice in C:\xampp\htdocs\quanlykho\vendor\google\apiclient\src\Collection.php:38
[07-Apr-2026 09:30:12 Asia/Ho_Chi_Minh] DEPRECATED: Return type of Google\Collection::key() should either be compatible with Iterator::key(): mixed, or the #[\ReturnTypeWillChange] attribute should be used to temporarily suppress the notice in C:\xampp\htdocs\quanlykho\vendor\google\apiclient\src\Collection.php:30
[07-Apr-2026 09:30:12 Asia/Ho_Chi_Minh] DEPRECATED: Return type of Google\Collection::valid() should either be compatible with Iterator::valid(): bool, or the #[\ReturnTypeWillChange] attribute should be used to temporarily suppress the notice in C:\xampp\htdocs\quanlykho\vendor\google\apiclient\src\Collection.php:43
[07-Apr-2026 09:30:12 Asia/Ho_Chi_Minh] DEPRECATED: Return type of Google\Collection::rewind() should either be compatible with Iterator::rewind(): void, or the #[\ReturnTypeWillChange] attribute should be used to temporarily suppress the notice in C:\xampp\htdocs\quanlykho\vendor\google\apiclient\src\Collection.php:14
[07-Apr-2026 09:30:12 Asia/Ho_Chi_Minh] DEPRECATED: Return type of Google\Collection::count() should either be compatible with Countable::count(): int, or the #[\ReturnTypeWillChange] attribute should be used to temporarily suppress the notice in C:\xampp\htdocs\quanlykho\vendor\google\apiclient\src\Collection.php:49
[07-Apr-2026 09:31:36 Asia/Ho_Chi_Minh] DEPRECATED: Return type of Google\Model::offsetExists($offset) should either be compatible with ArrayAccess::offsetExists(mixed $offset): bool, or the #[\ReturnTypeWillChange] attribute should be used to temporarily suppress the notice in C:\xampp\htdocs\quanlykho\vendor\google\apiclient\src\Model.php:256
[07-Apr-2026 09:31:36 Asia/Ho_Chi_Minh] DEPRECATED: Return type of Google\Model::offsetGet($offset) should either be compatible with ArrayAccess::offsetGet(mixed $offset): mixed, or the #[\ReturnTypeWillChange] attribute should be used to temporarily suppress the notice in C:\xampp\htdocs\quanlykho\vendor\google\apiclient\src\Model.php:261
[07-Apr-2026 09:31:36 Asia/Ho_Chi_Minh] DEPRECATED: Return type of Google\Model::offsetSet($offset, $value) should either be compatible with ArrayAccess::offsetSet(mixed $offset, mixed $value): void, or the #[\ReturnTypeWillChange] attribute should be used to temporarily suppress the notice in C:\xampp\htdocs\quanlykho\vendor\google\apiclient\src\Model.php:268
[07-Apr-2026 09:31:36 Asia/Ho_Chi_Minh] DEPRECATED: Return type of Google\Model::offsetUnset($offset) should either be compatible with ArrayAccess::offsetUnset(mixed $offset): void, or the #[\ReturnTypeWillChange] attribute should be used to temporarily suppress the notice in C:\xampp\htdocs\quanlykho\vendor\google\apiclient\src\Model.php:278
[07-Apr-2026 09:31:36 Asia/Ho_Chi_Minh] DEPRECATED: Return type of Google\Collection::current() should either be compatible with Iterator::current(): mixed, or the #[\ReturnTypeWillChange] attribute should be used to temporarily suppress the notice in C:\xampp\htdocs\quanlykho\vendor\google\apiclient\src\Collection.php:22
[07-Apr-2026 09:31:36 Asia/Ho_Chi_Minh] DEPRECATED: Return type of Google\Collection::next() should either be compatible with Iterator::next(): void, or the #[\ReturnTypeWillChange] attribute should be used to temporarily suppress the notice in C:\xampp\htdocs\quanlykho\vendor\google\apiclient\src\Collection.php:38
[07-Apr-2026 09:31:36 Asia/Ho_Chi_Minh] DEPRECATED: Return type of Google\Collection::key() should either be compatible with Iterator::key(): mixed, or the #[\ReturnTypeWillChange] attribute should be used to temporarily suppress the notice in C:\xampp\htdocs\quanlykho\vendor\google\apiclient\src\Collection.php:30
[07-Apr-2026 09:31:36 Asia/Ho_Chi_Minh] DEPRECATED: Return type of Google\Collection::valid() should either be compatible with Iterator::valid(): bool, or the #[\ReturnTypeWillChange] attribute should be used to temporarily suppress the notice in C:\xampp\htdocs\quanlykho\vendor\google\apiclient\src\Collection.php:43
[07-Apr-2026 09:31:36 Asia/Ho_Chi_Minh] DEPRECATED: Return type of Google\Collection::rewind() should either be compatible with Iterator::rewind(): void, or the #[\ReturnTypeWillChange] attribute should be used to temporarily suppress the notice in C:\xampp\htdocs\quanlykho\vendor\google\apiclient\src\Collection.php:14
[07-Apr-2026 09:31:36 Asia/Ho_Chi_Minh] DEPRECATED: Return type of Google\Collection::count() should either be compatible with Countable::count(): int, or the #[\ReturnTypeWillChange] attribute should be used to temporarily suppress the notice in C:\xampp\htdocs\quanlykho\vendor\google\apiclient\src\Collection.php:49
[07-Apr-2026 09:50:01 Asia/Ho_Chi_Minh] PHP Warning:  Undefined variable $level in C:\xampp\htdocs\quanlykho\process\log_api.php on line 42
[07-Apr-2026 09:50:07 Asia/Ho_Chi_Minh] PHP Warning:  Undefined variable $level in C:\xampp\htdocs\quanlykho\process\log_api.php on line 42
[07-Apr-2026 09:50:45 Asia/Ho_Chi_Minh] DEPRECATED: Return type of Google\Model::offsetExists($offset) should either be compatible with ArrayAccess::offsetExists(mixed $offset): bool, or the #[\ReturnTypeWillChange] attribute should be used to temporarily suppress the notice in C:\xampp\htdocs\quanlykho\vendor\google\apiclient\src\Model.php:256
[07-Apr-2026 09:50:45 Asia/Ho_Chi_Minh] DEPRECATED: Return type of Google\Model::offsetGet($offset) should either be compatible with ArrayAccess::offsetGet(mixed $offset): mixed, or the #[\ReturnTypeWillChange] attribute should be used to temporarily suppress the notice in C:\xampp\htdocs\quanlykho\vendor\google\apiclient\src\Model.php:261
[07-Apr-2026 09:50:45 Asia/Ho_Chi_Minh] DEPRECATED: Return type of Google\Model::offsetSet($offset, $value) should either be compatible with ArrayAccess::offsetSet(mixed $offset, mixed $value): void, or the #[\ReturnTypeWillChange] attribute should be used to temporarily suppress the notice in C:\xampp\htdocs\quanlykho\vendor\google\apiclient\src\Model.php:268
[07-Apr-2026 09:50:45 Asia/Ho_Chi_Minh] DEPRECATED: Return type of Google\Model::offsetUnset($offset) should either be compatible with ArrayAccess::offsetUnset(mixed $offset): void, or the #[\ReturnTypeWillChange] attribute should be used to temporarily suppress the notice in C:\xampp\htdocs\quanlykho\vendor\google\apiclient\src\Model.php:278
[07-Apr-2026 09:50:45 Asia/Ho_Chi_Minh] DEPRECATED: Return type of Google\Collection::current() should either be compatible with Iterator::current(): mixed, or the #[\ReturnTypeWillChange] attribute should be used to temporarily suppress the notice in C:\xampp\htdocs\quanlykho\vendor\google\apiclient\src\Collection.php:22
[07-Apr-2026 09:50:45 Asia/Ho_Chi_Minh] DEPRECATED: Return type of Google\Collection::next() should either be compatible with Iterator::next(): void, or the #[\ReturnTypeWillChange] attribute should be used to temporarily suppress the notice in C:\xampp\htdocs\quanlykho\vendor\google\apiclient\src\Collection.php:38
[07-Apr-2026 09:50:45 Asia/Ho_Chi_Minh] DEPRECATED: Return type of Google\Collection::key() should either be compatible with Iterator::key(): mixed, or the #[\ReturnTypeWillChange] attribute should be used to temporarily suppress the notice in C:\xampp\htdocs\quanlykho\vendor\google\apiclient\src\Collection.php:30
[07-Apr-2026 09:50:45 Asia/Ho_Chi_Minh] DEPRECATED: Return type of Google\Collection::valid() should either be compatible with Iterator::valid(): bool, or the #[\ReturnTypeWillChange] attribute should be used to temporarily suppress the notice in C:\xampp\htdocs\quanlykho\vendor\google\apiclient\src\Collection.php:43
[07-Apr-2026 09:50:45 Asia/Ho_Chi_Minh] DEPRECATED: Return type of Google\Collection::rewind() should either be compatible with Iterator::rewind(): void, or the #[\ReturnTypeWillChange] attribute should be used to temporarily suppress the notice in C:\xampp\htdocs\quanlykho\vendor\google\apiclient\src\Collection.php:14
[07-Apr-2026 09:50:45 Asia/Ho_Chi_Minh] DEPRECATED: Return type of Google\Collection::count() should either be compatible with Countable::count(): int, or the #[\ReturnTypeWillChange] attribute should be used to temporarily suppress the notice in C:\xampp\htdocs\quanlykho\vendor\google\apiclient\src\Collection.php:49
[07-Apr-2026 09:51:58 Asia/Ho_Chi_Minh] DEPRECATED: Return type of Google\Model::offsetExists($offset) should either be compatible with ArrayAccess::offsetExists(mixed $offset): bool, or the #[\ReturnTypeWillChange] attribute should be used to temporarily suppress the notice in C:\xampp\htdocs\quanlykho\vendor\google\apiclient\src\Model.php:256
[07-Apr-2026 09:51:58 Asia/Ho_Chi_Minh] DEPRECATED: Return type of Google\Model::offsetGet($offset) should either be compatible with ArrayAccess::offsetGet(mixed $offset): mixed, or the #[\ReturnTypeWillChange] attribute should be used to temporarily suppress the notice in C:\xampp\htdocs\quanlykho\vendor\google\apiclient\src\Model.php:261
[07-Apr-2026 09:51:58 Asia/Ho_Chi_Minh] DEPRECATED: Return type of Google\Model::offsetSet($offset, $value) should either be compatible with ArrayAccess::offsetSet(mixed $offset, mixed $value): void, or the #[\ReturnTypeWillChange] attribute should be used to temporarily suppress the notice in C:\xampp\htdocs\quanlykho\vendor\google\apiclient\src\Model.php:268
[07-Apr-2026 09:51:58 Asia/Ho_Chi_Minh] DEPRECATED: Return type of Google\Model::offsetUnset($offset) should either be compatible with ArrayAccess::offsetUnset(mixed $offset): void, or the #[\ReturnTypeWillChange] attribute should be used to temporarily suppress the notice in C:\xampp\htdocs\quanlykho\vendor\google\apiclient\src\Model.php:278
[07-Apr-2026 09:51:58 Asia/Ho_Chi_Minh] DEPRECATED: Return type of Google\Collection::current() should either be compatible with Iterator::current(): mixed, or the #[\ReturnTypeWillChange] attribute should be used to temporarily suppress the notice in C:\xampp\htdocs\quanlykho\vendor\google\apiclient\src\Collection.php:22
[07-Apr-2026 09:51:58 Asia/Ho_Chi_Minh] DEPRECATED: Return type of Google\Collection::next() should either be compatible with Iterator::next(): void, or the #[\ReturnTypeWillChange] attribute should be used to temporarily suppress the notice in C:\xampp\htdocs\quanlykho\vendor\google\apiclient\src\Collection.php:38
[07-Apr-2026 09:51:58 Asia/Ho_Chi_Minh] DEPRECATED: Return type of Google\Collection::key() should either be compatible with Iterator::key(): mixed, or the #[\ReturnTypeWillChange] attribute should be used to temporarily suppress the notice in C:\xampp\htdocs\quanlykho\vendor\google\apiclient\src\Collection.php:30
[07-Apr-2026 09:51:58 Asia/Ho_Chi_Minh] DEPRECATED: Return type of Google\Collection::valid() should either be compatible with Iterator::valid(): bool, or the #[\ReturnTypeWillChange] attribute should be used to temporarily suppress the notice in C:\xampp\htdocs\quanlykho\vendor\google\apiclient\src\Collection.php:43
[07-Apr-2026 09:51:58 Asia/Ho_Chi_Minh] DEPRECATED: Return type of Google\Collection::rewind() should either be compatible with Iterator::rewind(): void, or the #[\ReturnTypeWillChange] attribute should be used to temporarily suppress the notice in C:\xampp\htdocs\quanlykho\vendor\google\apiclient\src\Collection.php:14
[07-Apr-2026 09:51:58 Asia/Ho_Chi_Minh] DEPRECATED: Return type of Google\Collection::count() should either be compatible with Countable::count(): int, or the #[\ReturnTypeWillChange] attribute should be used to temporarily suppress the notice in C:\xampp\htdocs\quanlykho\vendor\google\apiclient\src\Collection.php:49
[07-Apr-2026 11:24:48 Asia/Ho_Chi_Minh] DEPRECATED: Return type of Google\Model::offsetExists($offset) should either be compatible with ArrayAccess::offsetExists(mixed $offset): bool, or the #[\ReturnTypeWillChange] attribute should be used to temporarily suppress the notice in C:\xampp\htdocs\quanlykho\vendor\google\apiclient\src\Model.php:256
[07-Apr-2026 11:24:48 Asia/Ho_Chi_Minh] DEPRECATED: Return type of Google\Model::offsetGet($offset) should either be compatible with ArrayAccess::offsetGet(mixed $offset): mixed, or the #[\ReturnTypeWillChange] attribute should be used to temporarily suppress the notice in C:\xampp\htdocs\quanlykho\vendor\google\apiclient\src\Model.php:261
[07-Apr-2026 11:24:48 Asia/Ho_Chi_Minh] DEPRECATED: Return type of Google\Model::offsetSet($offset, $value) should either be compatible with ArrayAccess::offsetSet(mixed $offset, mixed $value): void, or the #[\ReturnTypeWillChange] attribute should be used to temporarily suppress the notice in C:\xampp\htdocs\quanlykho\vendor\google\apiclient\src\Model.php:268
[07-Apr-2026 11:24:48 Asia/Ho_Chi_Minh] DEPRECATED: Return type of Google\Model::offsetUnset($offset) should either be compatible with ArrayAccess::offsetUnset(mixed $offset): void, or the #[\ReturnTypeWillChange] attribute should be used to temporarily suppress the notice in C:\xampp\htdocs\quanlykho\vendor\google\apiclient\src\Model.php:278
[07-Apr-2026 11:24:48 Asia/Ho_Chi_Minh] DEPRECATED: Return type of Google\Collection::current() should either be compatible with Iterator::current(): mixed, or the #[\ReturnTypeWillChange] attribute should be used to temporarily suppress the notice in C:\xampp\htdocs\quanlykho\vendor\google\apiclient\src\Collection.php:22
[07-Apr-2026 11:24:48 Asia/Ho_Chi_Minh] DEPRECATED: Return type of Google\Collection::next() should either be compatible with Iterator::next(): void, or the #[\ReturnTypeWillChange] attribute should be used to temporarily suppress the notice in C:\xampp\htdocs\quanlykho\vendor\google\apiclient\src\Collection.php:38
[07-Apr-2026 11:24:48 Asia/Ho_Chi_Minh] DEPRECATED: Return type of Google\Collection::key() should either be compatible with Iterator::key(): mixed, or the #[\ReturnTypeWillChange] attribute should be used to temporarily suppress the notice in C:\xampp\htdocs\quanlykho\vendor\google\apiclient\src\Collection.php:30
[07-Apr-2026 11:24:48 Asia/Ho_Chi_Minh] DEPRECATED: Return type of Google\Collection::valid() should either be compatible with Iterator::valid(): bool, or the #[\ReturnTypeWillChange] attribute should be used to temporarily suppress the notice in C:\xampp\htdocs\quanlykho\vendor\google\apiclient\src\Collection.php:43
[07-Apr-2026 11:24:48 Asia/Ho_Chi_Minh] DEPRECATED: Return type of Google\Collection::rewind() should either be compatible with Iterator::rewind(): void, or the #[\ReturnTypeWillChange] attribute should be used to temporarily suppress the notice in C:\xampp\htdocs\quanlykho\vendor\google\apiclient\src\Collection.php:14
[07-Apr-2026 11:24:48 Asia/Ho_Chi_Minh] DEPRECATED: Return type of Google\Collection::count() should either be compatible with Countable::count(): int, or the #[\ReturnTypeWillChange] attribute should be used to temporarily suppress the notice in C:\xampp\htdocs\quanlykho\vendor\google\apiclient\src\Collection.php:49
[07-Apr-2026 11:25:03 Asia/Ho_Chi_Minh] DEPRECATED: Return type of Google\Model::offsetExists($offset) should either be compatible with ArrayAccess::offsetExists(mixed $offset): bool, or the #[\ReturnTypeWillChange] attribute should be used to temporarily suppress the notice in C:\xampp\htdocs\quanlykho\vendor\google\apiclient\src\Model.php:256
[07-Apr-2026 11:25:03 Asia/Ho_Chi_Minh] DEPRECATED: Return type of Google\Model::offsetGet($offset) should either be compatible with ArrayAccess::offsetGet(mixed $offset): mixed, or the #[\ReturnTypeWillChange] attribute should be used to temporarily suppress the notice in C:\xampp\htdocs\quanlykho\vendor\google\apiclient\src\Model.php:261
[07-Apr-2026 11:25:03 Asia/Ho_Chi_Minh] DEPRECATED: Return type of Google\Model::offsetSet($offset, $value) should either be compatible with ArrayAccess::offsetSet(mixed $offset, mixed $value): void, or the #[\ReturnTypeWillChange] attribute should be used to temporarily suppress the notice in C:\xampp\htdocs\quanlykho\vendor\google\apiclient\src\Model.php:268
[07-Apr-2026 11:25:03 Asia/Ho_Chi_Minh] DEPRECATED: Return type of Google\Model::offsetUnset($offset) should either be compatible with ArrayAccess::offsetUnset(mixed $offset): void, or the #[\ReturnTypeWillChange] attribute should be used to temporarily suppress the notice in C:\xampp\htdocs\quanlykho\vendor\google\apiclient\src\Model.php:278
[07-Apr-2026 11:25:03 Asia/Ho_Chi_Minh] DEPRECATED: Return type of Google\Collection::current() should either be compatible with Iterator::current(): mixed, or the #[\ReturnTypeWillChange] attribute should be used to temporarily suppress the notice in C:\xampp\htdocs\quanlykho\vendor\google\apiclient\src\Collection.php:22
[07-Apr-2026 11:25:03 Asia/Ho_Chi_Minh] DEPRECATED: Return type of Google\Collection::next() should either be compatible with Iterator::next(): void, or the #[\ReturnTypeWillChange] attribute should be used to temporarily suppress the notice in C:\xampp\htdocs\quanlykho\vendor\google\apiclient\src\Collection.php:38
[07-Apr-2026 11:25:03 Asia/Ho_Chi_Minh] DEPRECATED: Return type of Google\Collection::key() should either be compatible with Iterator::key(): mixed, or the #[\ReturnTypeWillChange] attribute should be used to temporarily suppress the notice in C:\xampp\htdocs\quanlykho\vendor\google\apiclient\src\Collection.php:30
[07-Apr-2026 11:25:03 Asia/Ho_Chi_Minh] DEPRECATED: Return type of Google\Collection::valid() should either be compatible with Iterator::valid(): bool, or the #[\ReturnTypeWillChange] attribute should be used to temporarily suppress the notice in C:\xampp\htdocs\quanlykho\vendor\google\apiclient\src\Collection.php:43
[07-Apr-2026 11:25:03 Asia/Ho_Chi_Minh] DEPRECATED: Return type of Google\Collection::rewind() should either be compatible with Iterator::rewind(): void, or the #[\ReturnTypeWillChange] attribute should be used to temporarily suppress the notice in C:\xampp\htdocs\quanlykho\vendor\google\apiclient\src\Collection.php:14
[07-Apr-2026 11:25:03 Asia/Ho_Chi_Minh] DEPRECATED: Return type of Google\Collection::count() should either be compatible with Countable::count(): int, or the #[\ReturnTypeWillChange] attribute should be used to temporarily suppress the notice in C:\xampp\htdocs\quanlykho\vendor\google\apiclient\src\Collection.php:49
[07-Apr-2026 11:25:13 Asia/Ho_Chi_Minh] DEPRECATED: Return type of Google\Model::offsetExists($offset) should either be compatible with ArrayAccess::offsetExists(mixed $offset): bool, or the #[\ReturnTypeWillChange] attribute should be used to temporarily suppress the notice in C:\xampp\htdocs\quanlykho\vendor\google\apiclient\src\Model.php:256
[07-Apr-2026 11:25:13 Asia/Ho_Chi_Minh] DEPRECATED: Return type of Google\Model::offsetGet($offset) should either be compatible with ArrayAccess::offsetGet(mixed $offset): mixed, or the #[\ReturnTypeWillChange] attribute should be used to temporarily suppress the notice in C:\xampp\htdocs\quanlykho\vendor\google\apiclient\src\Model.php:261
[07-Apr-2026 11:25:13 Asia/Ho_Chi_Minh] DEPRECATED: Return type of Google\Model::offsetSet($offset, $value) should either be compatible with ArrayAccess::offsetSet(mixed $offset, mixed $value): void, or the #[\ReturnTypeWillChange] attribute should be used to temporarily suppress the notice in C:\xampp\htdocs\quanlykho\vendor\google\apiclient\src\Model.php:268
[07-Apr-2026 11:25:13 Asia/Ho_Chi_Minh] DEPRECATED: Return type of Google\Model::offsetUnset($offset) should either be compatible with ArrayAccess::offsetUnset(mixed $offset): void, or the #[\ReturnTypeWillChange] attribute should be used to temporarily suppress the notice in C:\xampp\htdocs\quanlykho\vendor\google\apiclient\src\Model.php:278
[07-Apr-2026 11:25:13 Asia/Ho_Chi_Minh] DEPRECATED: Return type of Google\Collection::current() should either be compatible with Iterator::current(): mixed, or the #[\ReturnTypeWillChange] attribute should be used to temporarily suppress the notice in C:\xampp\htdocs\quanlykho\vendor\google\apiclient\src\Collection.php:22
[07-Apr-2026 11:25:13 Asia/Ho_Chi_Minh] DEPRECATED: Return type of Google\Collection::next() should either be compatible with Iterator::next(): void, or the #[\ReturnTypeWillChange] attribute should be used to temporarily suppress the notice in C:\xampp\htdocs\quanlykho\vendor\google\apiclient\src\Collection.php:38
[07-Apr-2026 11:25:13 Asia/Ho_Chi_Minh] DEPRECATED: Return type of Google\Collection::key() should either be compatible with Iterator::key(): mixed, or the #[\ReturnTypeWillChange] attribute should be used to temporarily suppress the notice in C:\xampp\htdocs\quanlykho\vendor\google\apiclient\src\Collection.php:30
[07-Apr-2026 11:25:13 Asia/Ho_Chi_Minh] DEPRECATED: Return type of Google\Collection::valid() should either be compatible with Iterator::valid(): bool, or the #[\ReturnTypeWillChange] attribute should be used to temporarily suppress the notice in C:\xampp\htdocs\quanlykho\vendor\google\apiclient\src\Collection.php:43
[07-Apr-2026 11:25:13 Asia/Ho_Chi_Minh] DEPRECATED: Return type of Google\Collection::rewind() should either be compatible with Iterator::rewind(): void, or the #[\ReturnTypeWillChange] attribute should be used to temporarily suppress the notice in C:\xampp\htdocs\quanlykho\vendor\google\apiclient\src\Collection.php:14
[07-Apr-2026 11:25:13 Asia/Ho_Chi_Minh] DEPRECATED: Return type of Google\Collection::count() should either be compatible with Countable::count(): int, or the #[\ReturnTypeWillChange] attribute should be used to temporarily suppress the notice in C:\xampp\htdocs\quanlykho\vendor\google\apiclient\src\Collection.php:49
[07-Apr-2026 11:25:25 Asia/Ho_Chi_Minh] PHP Warning:  Undefined variable $level in C:\xampp\htdocs\quanlykho\process\log_api.php on line 42
[07-Apr-2026 11:25:29 Asia/Ho_Chi_Minh] PHP Warning:  Undefined variable $level in C:\xampp\htdocs\quanlykho\process\log_api.php on line 42
[07-Apr-2026 12:03:13 Asia/Ho_Chi_Minh] DEPRECATED: Return type of Google\Model::offsetExists($offset) should either be compatible with ArrayAccess::offsetExists(mixed $offset): bool, or the #[\ReturnTypeWillChange] attribute should be used to temporarily suppress the notice in C:\xampp\htdocs\quanlykho\vendor\google\apiclient\src\Model.php:256
[07-Apr-2026 12:03:13 Asia/Ho_Chi_Minh] DEPRECATED: Return type of Google\Model::offsetGet($offset) should either be compatible with ArrayAccess::offsetGet(mixed $offset): mixed, or the #[\ReturnTypeWillChange] attribute should be used to temporarily suppress the notice in C:\xampp\htdocs\quanlykho\vendor\google\apiclient\src\Model.php:261
[07-Apr-2026 12:03:13 Asia/Ho_Chi_Minh] DEPRECATED: Return type of Google\Model::offsetSet($offset, $value) should either be compatible with ArrayAccess::offsetSet(mixed $offset, mixed $value): void, or the #[\ReturnTypeWillChange] attribute should be used to temporarily suppress the notice in C:\xampp\htdocs\quanlykho\vendor\google\apiclient\src\Model.php:268
[07-Apr-2026 12:03:13 Asia/Ho_Chi_Minh] DEPRECATED: Return type of Google\Model::offsetUnset($offset) should either be compatible with ArrayAccess::offsetUnset(mixed $offset): void, or the #[\ReturnTypeWillChange] attribute should be used to temporarily suppress the notice in C:\xampp\htdocs\quanlykho\vendor\google\apiclient\src\Model.php:278
[07-Apr-2026 12:03:13 Asia/Ho_Chi_Minh] DEPRECATED: Return type of Google\Collection::current() should either be compatible with Iterator::current(): mixed, or the #[\ReturnTypeWillChange] attribute should be used to temporarily suppress the notice in C:\xampp\htdocs\quanlykho\vendor\google\apiclient\src\Collection.php:22
[07-Apr-2026 12:03:13 Asia/Ho_Chi_Minh] DEPRECATED: Return type of Google\Collection::next() should either be compatible with Iterator::next(): void, or the #[\ReturnTypeWillChange] attribute should be used to temporarily suppress the notice in C:\xampp\htdocs\quanlykho\vendor\google\apiclient\src\Collection.php:38
[07-Apr-2026 12:03:13 Asia/Ho_Chi_Minh] DEPRECATED: Return type of Google\Collection::key() should either be compatible with Iterator::key(): mixed, or the #[\ReturnTypeWillChange] attribute should be used to temporarily suppress the notice in C:\xampp\htdocs\quanlykho\vendor\google\apiclient\src\Collection.php:30
[07-Apr-2026 12:03:13 Asia/Ho_Chi_Minh] DEPRECATED: Return type of Google\Collection::valid() should either be compatible with Iterator::valid(): bool, or the #[\ReturnTypeWillChange] attribute should be used to temporarily suppress the notice in C:\xampp\htdocs\quanlykho\vendor\google\apiclient\src\Collection.php:43
[07-Apr-2026 12:03:13 Asia/Ho_Chi_Minh] DEPRECATED: Return type of Google\Collection::rewind() should either be compatible with Iterator::rewind(): void, or the #[\ReturnTypeWillChange] attribute should be used to temporarily suppress the notice in C:\xampp\htdocs\quanlykho\vendor\google\apiclient\src\Collection.php:14
[07-Apr-2026 12:03:13 Asia/Ho_Chi_Minh] DEPRECATED: Return type of Google\Collection::count() should either be compatible with Countable::count(): int, or the #[\ReturnTypeWillChange] attribute should be used to temporarily suppress the notice in C:\xampp\htdocs\quanlykho\vendor\google\apiclient\src\Collection.php:49
[07-Apr-2026 14:44:39 Asia/Ho_Chi_Minh] PHP Warning:  Undefined variable $level in C:\xampp\htdocs\quanlykho\process\log_api.php on line 42
[07-Apr-2026 14:44:39 Asia/Ho_Chi_Minh] PHP Warning:  Undefined variable $level in C:\xampp\htdocs\quanlykho\process\log_api.php on line 42
[07-Apr-2026 14:44:39 Asia/Ho_Chi_Minh] PHP Warning:  Undefined variable $level in C:\xampp\htdocs\quanlykho\process\log_api.php on line 42
[07-Apr-2026 14:45:00 Asia/Ho_Chi_Minh] PHP Warning:  Undefined variable $level in C:\xampp\htdocs\quanlykho\process\log_api.php on line 42
[07-Apr-2026 14:45:01 Asia/Ho_Chi_Minh] PHP Warning:  Undefined variable $level in C:\xampp\htdocs\quanlykho\process\log_api.php on line 42
[07-Apr-2026 14:45:01 Asia/Ho_Chi_Minh] PHP Warning:  Undefined variable $level in C:\xampp\htdocs\quanlykho\process\log_api.php on line 42
[07-Apr-2026 14:45:36 Asia/Ho_Chi_Minh] PHP Warning:  Undefined variable $level in C:\xampp\htdocs\quanlykho\process\log_api.php on line 42
[07-Apr-2026 14:45:38 Asia/Ho_Chi_Minh] PHP Warning:  Undefined variable $level in C:\xampp\htdocs\quanlykho\process\log_api.php on line 42
