[2025-11-11 13:40:59] CLAIMED job #36
[2025-11-11 13:40:59] PRINT file=C:\xampp\htdocs\quanlykho\pdf\pxk\PXK1111202501.pdf printer=Brother HL-L2320D series (Copy 1) copies=1
[2025-11-11 13:40:59] CMD: "C:\Program Files\SumatraPDF\SumatraPDF.exe" -silent -exit-when-done -print-to "Brother HL-L2320D series (Copy 1)" -print-settings "copies=1" "C:\xampp\htdocs\quanlykho\pdf\pxk\PXK1111202501.pdf" 2>&1
[2025-11-11 13:41:02] RET=0 OUT=Starting SumatraPDF 3.5.2, GetCommandLineW():
"C:\Program Files\SumatraPDF\SumatraPDF.exe"  -silent -exit-when-done -print-to "Brother HL-L2320D series (Copy 1)" -print-settings "copies=1" "C:\xampp\htdocs\quanlykho\pdf\pxk\PXK1111202501.pdf"
OpenEmbeddedFilesArchive: opened archive
LoadSettings() took 1.29 ms
ParseTranslationsTxt: 17632 lines, nStrings: 372
PrintFile: file: 'C:\xampp\htdocs\quanlykho\pdf\pxk\PXK1111202501.pdf', printer: 'Brother HL-L2320D series (Copy 1)'
PrintFile2: file: 'C:\xampp\htdocs\quanlykho\pdf\pxk\PXK1111202501.pdf', printer: 'Brother HL-L2320D series (Copy 1)'
PrintToDevice: printer: 'Brother HL-L2320D series (Copy 1)', file: 'C:\xampp\htdocs\quanlykho\pdf\pxk\PXK1111202501.pdf'
PrintToDevice: finished ok
PrintFile2: finished ok
PrintFile: finished ok
Finished printing, exitCode: 0
Exiting with exit code: 0
[2025-11-11 13:41:02] DONE #36: Đã in: pdf/pxk/PXK1111202501.pdf → Brother HL-L2320D series (Copy 1) (bản: 1)
[2025-11-11 15:50:57] CLAIMED job #37
[2025-11-11 15:50:57] PRINT file=C:\xampp\htdocs\quanlykho\pdf\pxk\PXK1111202501.pdf printer=Brother HL-L2320D series (Copy 1) copies=1
[2025-11-11 15:50:57] CMD: "C:\Program Files\SumatraPDF\SumatraPDF.exe" -silent -exit-when-done -print-to "Brother HL-L2320D series (Copy 1)" -print-settings "copies=1" "C:\xampp\htdocs\quanlykho\pdf\pxk\PXK1111202501.pdf" 2>&1
[2025-11-11 15:51:00] RET=0 OUT=Starting SumatraPDF 3.5.2, GetCommandLineW():
"C:\Program Files\SumatraPDF\SumatraPDF.exe"  -silent -exit-when-done -print-to "Brother HL-L2320D series (Copy 1)" -print-settings "copies=1" "C:\xampp\htdocs\quanlykho\pdf\pxk\PXK1111202501.pdf"
OpenEmbeddedFilesArchive: opened archive
LoadSettings() took 0.90 ms
ParseTranslationsTxt: 17632 lines, nStrings: 372
PrintFile: file: 'C:\xampp\htdocs\quanlykho\pdf\pxk\PXK1111202501.pdf', printer: 'Brother HL-L2320D series (Copy 1)'
PrintFile2: file: 'C:\xampp\htdocs\quanlykho\pdf\pxk\PXK1111202501.pdf', printer: 'Brother HL-L2320D series (Copy 1)'
PrintToDevice: printer: 'Brother HL-L2320D series (Copy 1)', file: 'C:\xampp\htdocs\quanlykho\pdf\pxk\PXK1111202501.pdf'
PrintToDevice: finished ok
PrintFile2: finished ok
PrintFile: finished ok
Finished printing, exitCode: 0
Exiting with exit code: 0
[2025-11-11 15:51:00] DONE #37: Đã in: pdf/pxk/PXK1111202501.pdf → Brother HL-L2320D series (Copy 1) (bản: 1)
[2025-11-11 15:55:28] CLAIMED job #38
[2025-11-11 15:55:28] PRINT file=C:\xampp\htdocs\quanlykho\pdf\pxk\PXK1111202501.pdf printer=Brother HL-L2320D series (Copy 1) copies=1
[2025-11-11 15:55:28] CMD: "C:\Program Files\SumatraPDF\SumatraPDF.exe" -silent -exit-when-done -print-to "Brother HL-L2320D series (Copy 1)" -print-settings "copies=1" "C:\xampp\htdocs\quanlykho\pdf\pxk\PXK1111202501.pdf" 2>&1
[2025-11-11 15:55:30] RET=0 OUT=Starting SumatraPDF 3.5.2, GetCommandLineW():
"C:\Program Files\SumatraPDF\SumatraPDF.exe"  -silent -exit-when-done -print-to "Brother HL-L2320D series (Copy 1)" -print-settings "copies=1" "C:\xampp\htdocs\quanlykho\pdf\pxk\PXK1111202501.pdf"
OpenEmbeddedFilesArchive: opened archive
LoadSettings() took 0.41 ms
ParseTranslationsTxt: 17632 lines, nStrings: 372
PrintFile: file: 'C:\xampp\htdocs\quanlykho\pdf\pxk\PXK1111202501.pdf', printer: 'Brother HL-L2320D series (Copy 1)'
PrintFile2: file: 'C:\xampp\htdocs\quanlykho\pdf\pxk\PXK1111202501.pdf', printer: 'Brother HL-L2320D series (Copy 1)'
PrintToDevice: printer: 'Brother HL-L2320D series (Copy 1)', file: 'C:\xampp\htdocs\quanlykho\pdf\pxk\PXK1111202501.pdf'
PrintToDevice: finished ok
PrintFile2: finished ok
PrintFile: finished ok
Finished printing, exitCode: 0
Exiting with exit code: 0
[2025-11-11 15:55:30] DONE #38: Đã in: pdf/pxk/PXK1111202501.pdf → Brother HL-L2320D series (Copy 1) (bản: 1)
[2025-11-11 15:58:54] CLAIMED job #39
[2025-11-11 15:58:54] PRINT file=C:\xampp\htdocs\quanlykho\pdf\pxk\PXK1111202501.pdf printer=Brother HL-L2320D series (Copy 1) copies=1
[2025-11-11 15:58:54] CMD: "C:\Program Files\SumatraPDF\SumatraPDF.exe" -silent -exit-when-done -print-to "Brother HL-L2320D series (Copy 1)" -print-settings "copies=1" "C:\xampp\htdocs\quanlykho\pdf\pxk\PXK1111202501.pdf" 2>&1
[2025-11-11 15:58:56] RET=0 OUT=Starting SumatraPDF 3.5.2, GetCommandLineW():
"C:\Program Files\SumatraPDF\SumatraPDF.exe"  -silent -exit-when-done -print-to "Brother HL-L2320D series (Copy 1)" -print-settings "copies=1" "C:\xampp\htdocs\quanlykho\pdf\pxk\PXK1111202501.pdf"
OpenEmbeddedFilesArchive: opened archive
LoadSettings() took 0.44 ms
ParseTranslationsTxt: 17632 lines, nStrings: 372
PrintFile: file: 'C:\xampp\htdocs\quanlykho\pdf\pxk\PXK1111202501.pdf', printer: 'Brother HL-L2320D series (Copy 1)'
PrintFile2: file: 'C:\xampp\htdocs\quanlykho\pdf\pxk\PXK1111202501.pdf', printer: 'Brother HL-L2320D series (Copy 1)'
PrintToDevice: printer: 'Brother HL-L2320D series (Copy 1)', file: 'C:\xampp\htdocs\quanlykho\pdf\pxk\PXK1111202501.pdf'
PrintToDevice: finished ok
PrintFile2: finished ok
PrintFile: finished ok
Finished printing, exitCode: 0
Exiting with exit code: 0
[2025-11-11 15:58:56] DONE #39: Đã in: pdf/pxk/PXK1111202501.pdf → Brother HL-L2320D series (Copy 1) (bản: 1)
[2026-01-05 14:33:14] CLAIMED job #40
[2026-01-05 14:33:14] PRINT file=C:\xampp\htdocs\quanlykho\pdf\pxk\PXK0501202603.pdf printer=Brother HL-L2320D series (Copy 1) copies=1
[2026-01-05 14:33:14] CMD: "C:\Program Files\SumatraPDF\SumatraPDF.exe" -silent -exit-when-done -print-to "Brother HL-L2320D series (Copy 1)" -print-settings "copies=1" "C:\xampp\htdocs\quanlykho\pdf\pxk\PXK0501202603.pdf" 2>&1
[2026-01-05 14:33:16] RET=0 OUT=Starting SumatraPDF 3.5.2, GetCommandLineW():
"C:\Program Files\SumatraPDF\SumatraPDF.exe"  -silent -exit-when-done -print-to "Brother HL-L2320D series (Copy 1)" -print-settings "copies=1" "C:\xampp\htdocs\quanlykho\pdf\pxk\PXK0501202603.pdf"
OpenEmbeddedFilesArchive: opened archive
LoadSettings() took 1.18 ms
ParseTranslationsTxt: 17632 lines, nStrings: 372
PrintFile: file: 'C:\xampp\htdocs\quanlykho\pdf\pxk\PXK0501202603.pdf', printer: 'Brother HL-L2320D series (Copy 1)'
PrintFile2: file: 'C:\xampp\htdocs\quanlykho\pdf\pxk\PXK0501202603.pdf', printer: 'Brother HL-L2320D series (Copy 1)'
PrintToDevice: printer: 'Brother HL-L2320D series (Copy 1)', file: 'C:\xampp\htdocs\quanlykho\pdf\pxk\PXK0501202603.pdf'
PrintToDevice: finished ok
PrintFile2: finished ok
PrintFile: finished ok
Finished printing, exitCode: 0
Exiting with exit code: 0
[2026-01-05 14:33:16] DONE #40: Đã in: pdf/pxk/PXK0501202603.pdf → Brother HL-L2320D series (Copy 1) (bản: 1)
[2026-01-06 09:21:25] CLAIMED job #41
[2026-01-06 09:21:25] PRINT file=C:\xampp\htdocs\quanlykho\pdf\pxk\PXK0601202601.pdf printer=Brother HL-L2320D series (Copy 1) copies=1
[2026-01-06 09:21:25] CMD: "C:\Program Files\SumatraPDF\SumatraPDF.exe" -silent -exit-when-done -print-to "Brother HL-L2320D series (Copy 1)" -print-settings "copies=1" "C:\xampp\htdocs\quanlykho\pdf\pxk\PXK0601202601.pdf" 2>&1
[2026-01-06 09:21:28] RET=0 OUT=Starting SumatraPDF 3.5.2, GetCommandLineW():
"C:\Program Files\SumatraPDF\SumatraPDF.exe"  -silent -exit-when-done -print-to "Brother HL-L2320D series (Copy 1)" -print-settings "copies=1" "C:\xampp\htdocs\quanlykho\pdf\pxk\PXK0601202601.pdf"
OpenEmbeddedFilesArchive: opened archive
LoadSettings() took 0.65 ms
ParseTranslationsTxt: 17632 lines, nStrings: 372
PrintFile: file: 'C:\xampp\htdocs\quanlykho\pdf\pxk\PXK0601202601.pdf', printer: 'Brother HL-L2320D series (Copy 1)'
PrintFile2: file: 'C:\xampp\htdocs\quanlykho\pdf\pxk\PXK0601202601.pdf', printer: 'Brother HL-L2320D series (Copy 1)'
PrintToDevice: printer: 'Brother HL-L2320D series (Copy 1)', file: 'C:\xampp\htdocs\quanlykho\pdf\pxk\PXK0601202601.pdf'
PrintToDevice: finished ok
PrintFile2: finished ok
PrintFile: finished ok
Finished printing, exitCode: 0
Exiting with exit code: 0
[2026-01-06 09:21:28] DONE #41: Đã in: pdf/pxk/PXK0601202601.pdf → Brother HL-L2320D series (Copy 1) (bản: 1)
[2026-01-06 13:49:38] CLAIMED job #42
[2026-01-06 13:49:38] PRINT file=C:\xampp\htdocs\quanlykho\pdf\pxk\PXK0601202602.pdf printer=Brother HL-L2320D series (Copy 1) copies=1
[2026-01-06 13:49:38] CMD: "C:\Program Files\SumatraPDF\SumatraPDF.exe" -silent -exit-when-done -print-to "Brother HL-L2320D series (Copy 1)" -print-settings "copies=1" "C:\xampp\htdocs\quanlykho\pdf\pxk\PXK0601202602.pdf" 2>&1
[2026-01-06 13:49:41] RET=0 OUT=Starting SumatraPDF 3.5.2, GetCommandLineW():
"C:\Program Files\SumatraPDF\SumatraPDF.exe"  -silent -exit-when-done -print-to "Brother HL-L2320D series (Copy 1)" -print-settings "copies=1" "C:\xampp\htdocs\quanlykho\pdf\pxk\PXK0601202602.pdf"
OpenEmbeddedFilesArchive: opened archive
LoadSettings() took 0.62 ms
ParseTranslationsTxt: 17632 lines, nStrings: 372
PrintFile: file: 'C:\xampp\htdocs\quanlykho\pdf\pxk\PXK0601202602.pdf', printer: 'Brother HL-L2320D series (Copy 1)'
PrintFile2: file: 'C:\xampp\htdocs\quanlykho\pdf\pxk\PXK0601202602.pdf', printer: 'Brother HL-L2320D series (Copy 1)'
PrintToDevice: printer: 'Brother HL-L2320D series (Copy 1)', file: 'C:\xampp\htdocs\quanlykho\pdf\pxk\PXK0601202602.pdf'
PrintToDevice: finished ok
PrintFile2: finished ok
PrintFile: finished ok
Finished printing, exitCode: 0
Exiting with exit code: 0
[2026-01-06 13:49:41] DONE #42: Đã in: pdf/pxk/PXK0601202602.pdf → Brother HL-L2320D series (Copy 1) (bản: 1)
[2026-01-07 08:22:31] CLAIMED job #43
[2026-01-07 08:22:31] PRINT file=C:\xampp\htdocs\quanlykho\pdf\pxk\PXK0701202601.pdf printer=Brother HL-L2320D series (Copy 1) copies=1
[2026-01-07 08:22:31] CMD: "C:\Program Files\SumatraPDF\SumatraPDF.exe" -silent -exit-when-done -print-to "Brother HL-L2320D series (Copy 1)" -print-settings "copies=1" "C:\xampp\htdocs\quanlykho\pdf\pxk\PXK0701202601.pdf" 2>&1
[2026-01-07 08:22:34] RET=0 OUT=Starting SumatraPDF 3.5.2, GetCommandLineW():
"C:\Program Files\SumatraPDF\SumatraPDF.exe"  -silent -exit-when-done -print-to "Brother HL-L2320D series (Copy 1)" -print-settings "copies=1" "C:\xampp\htdocs\quanlykho\pdf\pxk\PXK0701202601.pdf"
OpenEmbeddedFilesArchive: opened archive
LoadSettings() took 0.68 ms
ParseTranslationsTxt: 17632 lines, nStrings: 372
PrintFile: file: 'C:\xampp\htdocs\quanlykho\pdf\pxk\PXK0701202601.pdf', printer: 'Brother HL-L2320D series (Copy 1)'
PrintFile2: file: 'C:\xampp\htdocs\quanlykho\pdf\pxk\PXK0701202601.pdf', printer: 'Brother HL-L2320D series (Copy 1)'
PrintToDevice: printer: 'Brother HL-L2320D series (Copy 1)', file: 'C:\xampp\htdocs\quanlykho\pdf\pxk\PXK0701202601.pdf'
PrintToDevice: finished ok
PrintFile2: finished ok
PrintFile: finished ok
Finished printing, exitCode: 0
Exiting with exit code: 0
[2026-01-07 08:22:34] DONE #43: Đã in: pdf/pxk/PXK0701202601.pdf → Brother HL-L2320D series (Copy 1) (bản: 1)
[2026-01-07 10:03:15] CLAIMED job #44
[2026-01-07 10:03:15] PRINT file=C:\xampp\htdocs\quanlykho\pdf\pxk\PXK0701202602.pdf printer=Brother HL-L2320D series (Copy 1) copies=1
[2026-01-07 10:03:15] CMD: "C:\Program Files\SumatraPDF\SumatraPDF.exe" -silent -exit-when-done -print-to "Brother HL-L2320D series (Copy 1)" -print-settings "copies=1" "C:\xampp\htdocs\quanlykho\pdf\pxk\PXK0701202602.pdf" 2>&1
[2026-01-07 10:03:18] RET=0 OUT=Starting SumatraPDF 3.5.2, GetCommandLineW():
"C:\Program Files\SumatraPDF\SumatraPDF.exe"  -silent -exit-when-done -print-to "Brother HL-L2320D series (Copy 1)" -print-settings "copies=1" "C:\xampp\htdocs\quanlykho\pdf\pxk\PXK0701202602.pdf"
OpenEmbeddedFilesArchive: opened archive
LoadSettings() took 0.68 ms
ParseTranslationsTxt: 17632 lines, nStrings: 372
PrintFile: file: 'C:\xampp\htdocs\quanlykho\pdf\pxk\PXK0701202602.pdf', printer: 'Brother HL-L2320D series (Copy 1)'
PrintFile2: file: 'C:\xampp\htdocs\quanlykho\pdf\pxk\PXK0701202602.pdf', printer: 'Brother HL-L2320D series (Copy 1)'
PrintToDevice: printer: 'Brother HL-L2320D series (Copy 1)', file: 'C:\xampp\htdocs\quanlykho\pdf\pxk\PXK0701202602.pdf'
PrintToDevice: finished ok
PrintFile2: finished ok
PrintFile: finished ok
Finished printing, exitCode: 0
Exiting with exit code: 0
[2026-01-07 10:03:18] DONE #44: Đã in: pdf/pxk/PXK0701202602.pdf → Brother HL-L2320D series (Copy 1) (bản: 1)
[2026-01-07 10:04:49] CLAIMED job #45
[2026-01-07 10:04:49] PRINT file=C:\xampp\htdocs\quanlykho\pdf\pxk\PXK0701202603.pdf printer=Brother HL-L2320D series (Copy 1) copies=1
[2026-01-07 10:04:49] CMD: "C:\Program Files\SumatraPDF\SumatraPDF.exe" -silent -exit-when-done -print-to "Brother HL-L2320D series (Copy 1)" -print-settings "copies=1" "C:\xampp\htdocs\quanlykho\pdf\pxk\PXK0701202603.pdf" 2>&1
[2026-01-07 10:04:51] RET=0 OUT=Starting SumatraPDF 3.5.2, GetCommandLineW():
"C:\Program Files\SumatraPDF\SumatraPDF.exe"  -silent -exit-when-done -print-to "Brother HL-L2320D series (Copy 1)" -print-settings "copies=1" "C:\xampp\htdocs\quanlykho\pdf\pxk\PXK0701202603.pdf"
OpenEmbeddedFilesArchive: opened archive
LoadSettings() took 1.07 ms
ParseTranslationsTxt: 17632 lines, nStrings: 372
PrintFile: file: 'C:\xampp\htdocs\quanlykho\pdf\pxk\PXK0701202603.pdf', printer: 'Brother HL-L2320D series (Copy 1)'
PrintFile2: file: 'C:\xampp\htdocs\quanlykho\pdf\pxk\PXK0701202603.pdf', printer: 'Brother HL-L2320D series (Copy 1)'
PrintToDevice: printer: 'Brother HL-L2320D series (Copy 1)', file: 'C:\xampp\htdocs\quanlykho\pdf\pxk\PXK0701202603.pdf'
PrintToDevice: finished ok
PrintFile2: finished ok
PrintFile: finished ok
Finished printing, exitCode: 0
Exiting with exit code: 0
[2026-01-07 10:04:51] DONE #45: Đã in: pdf/pxk/PXK0701202603.pdf → Brother HL-L2320D series (Copy 1) (bản: 1)
[2026-01-07 11:07:32] CLAIMED job #46
[2026-01-07 11:07:32] PRINT file=C:\xampp\htdocs\quanlykho\pdf\pxk\PXK0701202604.pdf printer=Brother HL-L2320D series (Copy 1) copies=1
[2026-01-07 11:07:32] CMD: "C:\Program Files\SumatraPDF\SumatraPDF.exe" -silent -exit-when-done -print-to "Brother HL-L2320D series (Copy 1)" -print-settings "copies=1" "C:\xampp\htdocs\quanlykho\pdf\pxk\PXK0701202604.pdf" 2>&1
[2026-01-07 11:07:35] RET=0 OUT=Starting SumatraPDF 3.5.2, GetCommandLineW():
"C:\Program Files\SumatraPDF\SumatraPDF.exe"  -silent -exit-when-done -print-to "Brother HL-L2320D series (Copy 1)" -print-settings "copies=1" "C:\xampp\htdocs\quanlykho\pdf\pxk\PXK0701202604.pdf"
OpenEmbeddedFilesArchive: opened archive
LoadSettings() took 0.63 ms
ParseTranslationsTxt: 17632 lines, nStrings: 372
PrintFile: file: 'C:\xampp\htdocs\quanlykho\pdf\pxk\PXK0701202604.pdf', printer: 'Brother HL-L2320D series (Copy 1)'
PrintFile2: file: 'C:\xampp\htdocs\quanlykho\pdf\pxk\PXK0701202604.pdf', printer: 'Brother HL-L2320D series (Copy 1)'
PrintToDevice: printer: 'Brother HL-L2320D series (Copy 1)', file: 'C:\xampp\htdocs\quanlykho\pdf\pxk\PXK0701202604.pdf'
PrintToDevice: finished ok
PrintFile2: finished ok
PrintFile: finished ok
Finished printing, exitCode: 0
Exiting with exit code: 0
[2026-01-07 11:07:35] DONE #46: Đã in: pdf/pxk/PXK0701202604.pdf → Brother HL-L2320D series (Copy 1) (bản: 1)
[2026-01-07 14:53:40] CLAIMED job #47
[2026-01-07 14:53:40] PRINT file=C:\xampp\htdocs\quanlykho\pdf\pxk\PXK0701202605.pdf printer=Brother HL-L2320D series (Copy 1) copies=1
[2026-01-07 14:53:40] CMD: "C:\Program Files\SumatraPDF\SumatraPDF.exe" -silent -exit-when-done -print-to "Brother HL-L2320D series (Copy 1)" -print-settings "copies=1" "C:\xampp\htdocs\quanlykho\pdf\pxk\PXK0701202605.pdf" 2>&1
[2026-01-07 14:53:42] RET=0 OUT=Starting SumatraPDF 3.5.2, GetCommandLineW():
"C:\Program Files\SumatraPDF\SumatraPDF.exe"  -silent -exit-when-done -print-to "Brother HL-L2320D series (Copy 1)" -print-settings "copies=1" "C:\xampp\htdocs\quanlykho\pdf\pxk\PXK0701202605.pdf"
OpenEmbeddedFilesArchive: opened archive
LoadSettings() took 0.72 ms
ParseTranslationsTxt: 17632 lines, nStrings: 372
PrintFile: file: 'C:\xampp\htdocs\quanlykho\pdf\pxk\PXK0701202605.pdf', printer: 'Brother HL-L2320D series (Copy 1)'
PrintFile2: file: 'C:\xampp\htdocs\quanlykho\pdf\pxk\PXK0701202605.pdf', printer: 'Brother HL-L2320D series (Copy 1)'
PrintToDevice: printer: 'Brother HL-L2320D series (Copy 1)', file: 'C:\xampp\htdocs\quanlykho\pdf\pxk\PXK0701202605.pdf'
PrintToDevice: finished ok
PrintFile2: finished ok
PrintFile: finished ok
Finished printing, exitCode: 0
Exiting with exit code: 0
[2026-01-07 14:53:42] DONE #47: Đã in: pdf/pxk/PXK0701202605.pdf → Brother HL-L2320D series (Copy 1) (bản: 1)
[2026-01-08 09:54:01] CLAIMED job #48
[2026-01-08 09:54:01] PRINT file=C:\xampp\htdocs\quanlykho\pdf\pxk\PXK0801202601.pdf printer=Brother HL-L2320D series (Copy 1) copies=1
[2026-01-08 09:54:01] CMD: "C:\Program Files\SumatraPDF\SumatraPDF.exe" -silent -exit-when-done -print-to "Brother HL-L2320D series (Copy 1)" -print-settings "copies=1" "C:\xampp\htdocs\quanlykho\pdf\pxk\PXK0801202601.pdf" 2>&1
[2026-01-08 09:54:03] RET=0 OUT=Starting SumatraPDF 3.5.2, GetCommandLineW():
"C:\Program Files\SumatraPDF\SumatraPDF.exe"  -silent -exit-when-done -print-to "Brother HL-L2320D series (Copy 1)" -print-settings "copies=1" "C:\xampp\htdocs\quanlykho\pdf\pxk\PXK0801202601.pdf"
OpenEmbeddedFilesArchive: opened archive
LoadSettings() took 0.61 ms
ParseTranslationsTxt: 17632 lines, nStrings: 372
PrintFile: file: 'C:\xampp\htdocs\quanlykho\pdf\pxk\PXK0801202601.pdf', printer: 'Brother HL-L2320D series (Copy 1)'
PrintFile2: file: 'C:\xampp\htdocs\quanlykho\pdf\pxk\PXK0801202601.pdf', printer: 'Brother HL-L2320D series (Copy 1)'
PrintToDevice: printer: 'Brother HL-L2320D series (Copy 1)', file: 'C:\xampp\htdocs\quanlykho\pdf\pxk\PXK0801202601.pdf'
PrintToDevice: finished ok
PrintFile2: finished ok
PrintFile: finished ok
Finished printing, exitCode: 0
Exiting with exit code: 0
[2026-01-08 09:54:03] DONE #48: Đã in: pdf/pxk/PXK0801202601.pdf → Brother HL-L2320D series (Copy 1) (bản: 1)
[2026-01-08 11:03:48] CLAIMED job #49
[2026-01-08 11:03:48] PRINT file=C:\xampp\htdocs\quanlykho\pdf\pxk\PXK0801202602.pdf printer=Brother HL-L2320D series (Copy 1) copies=1
[2026-01-08 11:03:48] CMD: "C:\Program Files\SumatraPDF\SumatraPDF.exe" -silent -exit-when-done -print-to "Brother HL-L2320D series (Copy 1)" -print-settings "copies=1" "C:\xampp\htdocs\quanlykho\pdf\pxk\PXK0801202602.pdf" 2>&1
[2026-01-08 11:03:50] RET=0 OUT=Starting SumatraPDF 3.5.2, GetCommandLineW():
"C:\Program Files\SumatraPDF\SumatraPDF.exe"  -silent -exit-when-done -print-to "Brother HL-L2320D series (Copy 1)" -print-settings "copies=1" "C:\xampp\htdocs\quanlykho\pdf\pxk\PXK0801202602.pdf"
OpenEmbeddedFilesArchive: opened archive
LoadSettings() took 0.73 ms
ParseTranslationsTxt: 17632 lines, nStrings: 372
PrintFile: file: 'C:\xampp\htdocs\quanlykho\pdf\pxk\PXK0801202602.pdf', printer: 'Brother HL-L2320D series (Copy 1)'
PrintFile2: file: 'C:\xampp\htdocs\quanlykho\pdf\pxk\PXK0801202602.pdf', printer: 'Brother HL-L2320D series (Copy 1)'
PrintToDevice: printer: 'Brother HL-L2320D series (Copy 1)', file: 'C:\xampp\htdocs\quanlykho\pdf\pxk\PXK0801202602.pdf'
PrintToDevice: finished ok
PrintFile2: finished ok
PrintFile: finished ok
Finished printing, exitCode: 0
Exiting with exit code: 0
[2026-01-08 11:03:50] DONE #49: Đã in: pdf/pxk/PXK0801202602.pdf → Brother HL-L2320D series (Copy 1) (bản: 1)
